2025-09-16 13:58:17,619 - INFO - Debut de l'automatisation ScanSante FINALE
2025-09-16 13:58:17,619 - INFO - Nombre total de combinaisons: 35
2025-09-16 13:58:17,620 - INFO - [1/35] 2024 - tous
2025-09-16 13:58:33,089 - INFO - SUCCESS: scan_2024_fe_99_tous.xlsx (659075 bytes)
2025-09-16 13:58:36,090 - INFO - [2/35] 2024 - rgpGHM
2025-09-16 13:58:43,606 - INFO - SUCCESS: scan_2024_fe_99_rgpGHM_ASOM.xlsx (659032 bytes)
2025-09-16 13:58:46,606 - INFO - [3/35] 2024 - rgpGHM
2025-09-16 13:58:54,239 - INFO - SUCCESS: scan_2024_fe_99_rgpGHM_ASOC.xlsx (659032 bytes)
2025-09-16 13:58:57,240 - INFO - [4/35] 2024 - rgpGHM
2025-09-16 13:59:04,575 - INFO - SUCCESS: scan_2024_fe_99_rgpGHM_ASOO.xlsx (659032 bytes)
2025-09-16 13:59:07,576 - INFO - [5/35] 2024 - rgpGHM
2025-09-16 13:59:15,191 - INFO - SUCCESS: scan_2024_fe_99_rgpGHM_CASC.xlsx (659032 bytes)
2025-09-16 13:59:18,192 - INFO - [6/35] 2024 - rgpGHM
2025-09-16 13:59:25,631 - INFO - SUCCESS: scan_2024_fe_99_rgpGHM_CASM.xlsx (659032 bytes)
2025-09-16 13:59:28,633 - INFO - [7/35] 2024 - rgpGHM
2025-09-16 13:59:35,823 - INFO - SUCCESS: scan_2024_fe_99_rgpGHM_CASO.xlsx (659032 bytes)
2025-09-16 13:59:38,824 - INFO - [8/35] 2023 - tous
2025-09-16 13:59:46,608 - INFO - SUCCESS: scan_2023_fe_99_tous.xlsx (660793 bytes)
2025-09-16 13:59:49,610 - INFO - [9/35] 2023 - rgpGHM
2025-09-16 13:59:57,274 - INFO - SUCCESS: scan_2023_fe_99_rgpGHM_ASOM.xlsx (660750 bytes)
2025-09-16 14:00:00,275 - INFO - [10/35] 2023 - rgpGHM
2025-09-16 14:00:08,273 - INFO - SUCCESS: scan_2023_fe_99_rgpGHM_ASOC.xlsx (660750 bytes)
2025-09-16 14:00:11,274 - INFO - [11/35] 2023 - rgpGHM
2025-09-16 14:00:19,209 - INFO - SUCCESS: scan_2023_fe_99_rgpGHM_ASOO.xlsx (660750 bytes)
2025-09-16 14:00:22,211 - INFO - [12/35] 2023 - rgpGHM
2025-09-16 14:00:30,808 - INFO - SUCCESS: scan_2023_fe_99_rgpGHM_CASC.xlsx (660750 bytes)
2025-09-16 14:00:33,810 - INFO - [13/35] 2023 - rgpGHM
2025-09-16 14:00:42,754 - INFO - SUCCESS: scan_2023_fe_99_rgpGHM_CASM.xlsx (660750 bytes)
2025-09-16 14:00:45,755 - INFO - [14/35] 2023 - rgpGHM
2025-09-16 14:00:53,428 - INFO - SUCCESS: scan_2023_fe_99_rgpGHM_CASO.xlsx (660750 bytes)
2025-09-16 14:00:56,429 - INFO - [15/35] 2022 - tous
2025-09-16 14:01:05,144 - INFO - SUCCESS: scan_2022_fe_99_tous.xlsx (665853 bytes)
2025-09-16 14:01:08,145 - INFO - [16/35] 2022 - rgpGHM
2025-09-16 14:01:15,429 - INFO - SUCCESS: scan_2022_fe_99_rgpGHM_ASOM.xlsx (665810 bytes)
2025-09-16 14:01:18,430 - INFO - [17/35] 2022 - rgpGHM
2025-09-16 14:01:26,485 - INFO - SUCCESS: scan_2022_fe_99_rgpGHM_ASOC.xlsx (665810 bytes)
2025-09-16 14:01:29,487 - INFO - [18/35] 2022 - rgpGHM
2025-09-16 14:01:37,382 - INFO - SUCCESS: scan_2022_fe_99_rgpGHM_ASOO.xlsx (665810 bytes)
2025-09-16 14:01:40,384 - INFO - [19/35] 2022 - rgpGHM
2025-09-16 14:01:49,254 - INFO - SUCCESS: scan_2022_fe_99_rgpGHM_CASC.xlsx (665810 bytes)
2025-09-16 14:01:52,255 - INFO - [20/35] 2022 - rgpGHM
2025-09-16 14:02:00,496 - INFO - SUCCESS: scan_2022_fe_99_rgpGHM_CASM.xlsx (665810 bytes)
2025-09-16 14:02:03,498 - INFO - [21/35] 2022 - rgpGHM
2025-09-16 14:02:11,256 - INFO - SUCCESS: scan_2022_fe_99_rgpGHM_CASO.xlsx (665810 bytes)
2025-09-16 14:02:14,257 - INFO - [22/35] 2021 - tous
2025-09-16 14:02:21,469 - INFO - SUCCESS: scan_2021_fe_99_tous.xlsx (665829 bytes)
2025-09-16 14:02:24,470 - INFO - [23/35] 2021 - rgpGHM
2025-09-16 14:02:32,201 - INFO - SUCCESS: scan_2021_fe_99_rgpGHM_ASOM.xlsx (665786 bytes)
2025-09-16 14:02:35,202 - INFO - [24/35] 2021 - rgpGHM
2025-09-16 14:02:42,723 - INFO - SUCCESS: scan_2021_fe_99_rgpGHM_ASOC.xlsx (665786 bytes)
2025-09-16 14:02:45,724 - INFO - [25/35] 2021 - rgpGHM
2025-09-16 14:02:52,956 - INFO - SUCCESS: scan_2021_fe_99_rgpGHM_ASOO.xlsx (665786 bytes)
2025-09-16 14:02:55,957 - INFO - [26/35] 2021 - rgpGHM
2025-09-16 14:03:03,765 - INFO - SUCCESS: scan_2021_fe_99_rgpGHM_CASC.xlsx (665786 bytes)
2025-09-16 14:03:06,766 - INFO - [27/35] 2021 - rgpGHM
2025-09-16 14:03:14,331 - INFO - SUCCESS: scan_2021_fe_99_rgpGHM_CASM.xlsx (665786 bytes)
2025-09-16 14:03:17,332 - INFO - [28/35] 2021 - rgpGHM
2025-09-16 14:03:24,334 - INFO - SUCCESS: scan_2021_fe_99_rgpGHM_CASO.xlsx (665786 bytes)
2025-09-16 14:03:27,336 - INFO - [29/35] 2020 - tous
2025-09-16 14:03:34,580 - INFO - SUCCESS: scan_2020_fe_99_tous.xlsx (664102 bytes)
2025-09-16 14:03:37,580 - INFO - [30/35] 2020 - rgpGHM
2025-09-16 14:03:44,632 - INFO - SUCCESS: scan_2020_fe_99_rgpGHM_ASOM.xlsx (664059 bytes)
2025-09-16 14:03:47,633 - INFO - [31/35] 2020 - rgpGHM
2025-09-16 14:03:56,245 - INFO - SUCCESS: scan_2020_fe_99_rgpGHM_ASOC.xlsx (664059 bytes)
2025-09-16 14:03:59,246 - INFO - [32/35] 2020 - rgpGHM
2025-09-16 14:04:06,503 - INFO - SUCCESS: scan_2020_fe_99_rgpGHM_ASOO.xlsx (664059 bytes)
2025-09-16 14:04:09,504 - INFO - [33/35] 2020 - rgpGHM
2025-09-16 14:04:16,868 - INFO - SUCCESS: scan_2020_fe_99_rgpGHM_CASC.xlsx (664059 bytes)
2025-09-16 14:04:19,870 - INFO - [34/35] 2020 - rgpGHM
2025-09-16 14:04:27,579 - INFO - SUCCESS: scan_2020_fe_99_rgpGHM_CASM.xlsx (664059 bytes)
2025-09-16 14:04:30,579 - INFO - [35/35] 2020 - rgpGHM
2025-09-16 14:04:37,728 - INFO - SUCCESS: scan_2020_fe_99_rgpGHM_CASO.xlsx (664059 bytes)
2025-09-16 14:04:40,729 - INFO - Automatisation terminee!
2025-09-16 14:04:40,730 - INFO - Succes: 35
2025-09-16 14:04:40,730 - INFO - Echecs: 0
2025-09-16 14:04:40,731 - INFO - Dossier: excel_files
2025-09-16 14:11:42,121 - INFO - Debut de l'automatisation ScanSante FINALE
2025-09-16 14:11:42,122 - INFO - Nombre total de combinaisons: 35
2025-09-16 14:11:42,123 - INFO - [1/35] 2024 - tous
2025-09-16 14:11:45,367 - INFO - Content-Type recu: application/vnd.ms-excel
2025-09-16 14:11:45,368 - INFO - Taille contenu: 659075 bytes
2025-09-16 14:11:45,369 - ERROR - Le contenu n'est pas un fichier Excel valide. Premieres bytes: b'<!doctype html>\n<!--'
2025-09-16 14:11:48,371 - INFO - [2/35] 2024 - rgpGHM
2025-09-16 14:11:50,909 - INFO - Content-Type recu: application/vnd.ms-excel
2025-09-16 14:11:50,912 - INFO - Taille contenu: 659032 bytes
2025-09-16 14:11:50,913 - ERROR - Le contenu n'est pas un fichier Excel valide. Premieres bytes: b'<!doctype html>\n<!--'
2025-09-16 14:11:53,914 - INFO - [3/35] 2024 - rgpGHM
2025-09-16 14:11:56,428 - INFO - Content-Type recu: application/vnd.ms-excel
2025-09-16 14:11:56,430 - INFO - Taille contenu: 659032 bytes
2025-09-16 14:11:56,431 - ERROR - Le contenu n'est pas un fichier Excel valide. Premieres bytes: b'<!doctype html>\n<!--'
2025-09-16 14:11:59,432 - INFO - [4/35] 2024 - rgpGHM
2025-09-16 14:12:02,030 - INFO - Content-Type recu: application/vnd.ms-excel
2025-09-16 14:12:02,032 - INFO - Taille contenu: 659032 bytes
2025-09-16 14:12:02,034 - ERROR - Le contenu n'est pas un fichier Excel valide. Premieres bytes: b'<!doctype html>\n<!--'
2025-09-16 14:12:05,036 - INFO - [5/35] 2024 - rgpGHM
2025-09-16 14:12:07,634 - INFO - Content-Type recu: application/vnd.ms-excel
2025-09-16 14:12:07,635 - INFO - Taille contenu: 659032 bytes
2025-09-16 14:12:07,637 - ERROR - Le contenu n'est pas un fichier Excel valide. Premieres bytes: b'<!doctype html>\n<!--'
2025-09-16 14:12:10,638 - INFO - [6/35] 2024 - rgpGHM
2025-09-16 14:12:13,414 - INFO - Content-Type recu: application/vnd.ms-excel
2025-09-16 14:12:13,415 - INFO - Taille contenu: 659032 bytes
2025-09-16 14:12:13,415 - ERROR - Le contenu n'est pas un fichier Excel valide. Premieres bytes: b'<!doctype html>\n<!--'
2025-09-16 14:12:16,416 - INFO - [7/35] 2024 - rgpGHM
2025-09-16 14:12:19,052 - INFO - Content-Type recu: application/vnd.ms-excel
2025-09-16 14:12:19,055 - INFO - Taille contenu: 659032 bytes
2025-09-16 14:12:19,056 - ERROR - Le contenu n'est pas un fichier Excel valide. Premieres bytes: b'<!doctype html>\n<!--'
2025-09-16 14:12:22,058 - INFO - [8/35] 2023 - tous
2025-09-16 14:12:24,682 - INFO - Content-Type recu: application/vnd.ms-excel
2025-09-16 14:12:24,684 - INFO - Taille contenu: 660793 bytes
2025-09-16 14:12:24,686 - ERROR - Le contenu n'est pas un fichier Excel valide. Premieres bytes: b'<!doctype html>\n<!--'
2025-09-16 14:12:27,688 - INFO - [9/35] 2023 - rgpGHM
2025-09-16 14:12:30,308 - INFO - Content-Type recu: application/vnd.ms-excel
2025-09-16 14:12:30,318 - INFO - Taille contenu: 660750 bytes
2025-09-16 14:12:30,318 - ERROR - Le contenu n'est pas un fichier Excel valide. Premieres bytes: b'<!doctype html>\n<!--'
2025-09-16 14:12:33,319 - INFO - [10/35] 2023 - rgpGHM
2025-09-16 14:12:35,935 - INFO - Content-Type recu: application/vnd.ms-excel
2025-09-16 14:12:35,936 - INFO - Taille contenu: 660750 bytes
2025-09-16 14:12:35,936 - ERROR - Le contenu n'est pas un fichier Excel valide. Premieres bytes: b'<!doctype html>\n<!--'
2025-09-16 14:12:38,936 - INFO - [11/35] 2023 - rgpGHM
2025-09-16 14:12:41,698 - INFO - Content-Type recu: application/vnd.ms-excel
2025-09-16 14:12:41,699 - INFO - Taille contenu: 660750 bytes
2025-09-16 14:12:41,699 - ERROR - Le contenu n'est pas un fichier Excel valide. Premieres bytes: b'<!doctype html>\n<!--'
2025-09-16 14:12:44,700 - INFO - [12/35] 2023 - rgpGHM
2025-09-16 14:12:47,317 - INFO - Content-Type recu: application/vnd.ms-excel
2025-09-16 14:12:47,317 - INFO - Taille contenu: 660750 bytes
2025-09-16 14:12:47,317 - ERROR - Le contenu n'est pas un fichier Excel valide. Premieres bytes: b'<!doctype html>\n<!--'
2025-09-16 14:12:50,318 - INFO - [13/35] 2023 - rgpGHM
2025-09-16 14:12:53,082 - INFO - Content-Type recu: application/vnd.ms-excel
2025-09-16 14:12:53,083 - INFO - Taille contenu: 660750 bytes
2025-09-16 14:12:53,083 - ERROR - Le contenu n'est pas un fichier Excel valide. Premieres bytes: b'<!doctype html>\n<!--'
2025-09-16 14:12:56,083 - INFO - [14/35] 2023 - rgpGHM
2025-09-16 14:12:58,653 - INFO - Content-Type recu: application/vnd.ms-excel
2025-09-16 14:12:58,653 - INFO - Taille contenu: 660750 bytes
2025-09-16 14:12:58,653 - ERROR - Le contenu n'est pas un fichier Excel valide. Premieres bytes: b'<!doctype html>\n<!--'
2025-09-16 14:13:01,654 - INFO - [15/35] 2022 - tous
2025-09-16 14:13:04,286 - INFO - Content-Type recu: application/vnd.ms-excel
2025-09-16 14:13:04,287 - INFO - Taille contenu: 665853 bytes
2025-09-16 14:13:04,287 - ERROR - Le contenu n'est pas un fichier Excel valide. Premieres bytes: b'<!doctype html>\n<!--'
2025-09-16 14:13:07,287 - INFO - [16/35] 2022 - rgpGHM
2025-09-16 14:13:09,807 - INFO - Content-Type recu: application/vnd.ms-excel
2025-09-16 14:13:09,807 - INFO - Taille contenu: 665810 bytes
2025-09-16 14:13:09,807 - ERROR - Le contenu n'est pas un fichier Excel valide. Premieres bytes: b'<!doctype html>\n<!--'
2025-09-16 14:13:12,809 - INFO - [17/35] 2022 - rgpGHM
2025-09-16 14:13:15,465 - INFO - Content-Type recu: application/vnd.ms-excel
2025-09-16 14:13:15,465 - INFO - Taille contenu: 665810 bytes
2025-09-16 14:13:15,465 - ERROR - Le contenu n'est pas un fichier Excel valide. Premieres bytes: b'<!doctype html>\n<!--'
2025-09-16 14:13:18,465 - INFO - [18/35] 2022 - rgpGHM
2025-09-16 14:13:20,960 - INFO - Content-Type recu: application/vnd.ms-excel
2025-09-16 14:13:20,961 - INFO - Taille contenu: 665810 bytes
2025-09-16 14:13:20,961 - ERROR - Le contenu n'est pas un fichier Excel valide. Premieres bytes: b'<!doctype html>\n<!--'
2025-09-16 14:13:23,962 - INFO - [19/35] 2022 - rgpGHM
2025-09-16 14:13:26,585 - INFO - Content-Type recu: application/vnd.ms-excel
2025-09-16 14:13:26,585 - INFO - Taille contenu: 665810 bytes
2025-09-16 14:13:26,585 - ERROR - Le contenu n'est pas un fichier Excel valide. Premieres bytes: b'<!doctype html>\n<!--'
2025-09-16 14:13:29,586 - INFO - [20/35] 2022 - rgpGHM
2025-09-16 14:13:32,105 - INFO - Content-Type recu: application/vnd.ms-excel
2025-09-16 14:13:32,105 - INFO - Taille contenu: 665810 bytes
2025-09-16 14:13:32,105 - ERROR - Le contenu n'est pas un fichier Excel valide. Premieres bytes: b'<!doctype html>\n<!--'
2025-09-16 14:13:35,106 - INFO - [21/35] 2022 - rgpGHM
2025-09-16 14:19:12,443 - INFO - Content-Type recu: application/vnd.ms-excel
2025-09-16 14:19:12,444 - INFO - Taille contenu: 659032 bytes
2025-09-16 14:19:12,446 - ERROR - Recu HTML au lieu d'Excel! Sauvegarde: debug_response_2024_M.html
2025-09-16 14:21:04,187 - INFO - Content-Type recu: application/vnd.ms-excel
2025-09-16 14:21:04,189 - INFO - Taille contenu: 659032 bytes
2025-09-16 14:21:04,193 - ERROR - Recu HTML au lieu d'Excel! Sauvegarde: debug_response_2024_M.html
2025-09-16 14:21:56,031 - INFO - Content-Type recu: application/vnd.ms-excel
2025-09-16 14:21:56,033 - INFO - Taille contenu: 659032 bytes
2025-09-16 14:21:56,038 - ERROR - Recu HTML au lieu d'Excel! Sauvegarde: debug_response_2024_M.html
2025-09-16 16:16:00,600 - INFO - Content-Type recu: application/vnd.ms-excel
2025-09-16 16:16:00,603 - INFO - Taille contenu: 659032 bytes
2025-09-16 16:16:00,607 - ERROR - Recu HTML au lieu d'Excel! Sauvegarde: debug_response_2024_M.html
2025-09-17 15:46:33,939 - INFO - Content-Type recu: application/vnd.ms-excel
2025-09-17 15:46:33,950 - INFO - Taille contenu: 660793 bytes
2025-09-17 15:46:33,951 - ERROR - Recu HTML au lieu d'Excel! Sauvegarde: debug_response_2023_O.html
2025-09-17 15:47:17,068 - INFO - Content-Type recu: application/vnd.ms-excel
2025-09-17 15:47:17,070 - INFO - Taille contenu: 660793 bytes
2025-09-17 15:47:17,074 - ERROR - Recu HTML au lieu d'Excel! Sauvegarde: debug_response_2023_O.html
2025-09-19 09:41:51,519 - ERROR - En-têtes de colonnes non trouvés
2025-09-19 09:42:27,360 - INFO - SUCCESS: scan_2023_fe_99_tous.csv (776 lignes, 12 colonnes)
2025-09-19 09:43:05,952 - INFO - SUCCESS: scan_2023_fe_99_tous.csv (776 lignes, 12 colonnes)
2025-09-19 09:43:14,043 - INFO - SUCCESS: scan_2023_fe_99_rgpGHM_ASOM.csv (776 lignes, 12 colonnes)
2025-09-19 09:43:29,624 - INFO - SUCCESS: scan_2024_fe_99_rgpGHM_CASC.csv (774 lignes, 12 colonnes)
2025-09-19 10:00:50,460 - INFO - Début de l'automatisation ScanSante avec scraping HTML
2025-09-19 10:00:50,460 - INFO - Nombre total de combinaisons: 35
2025-09-19 10:00:50,461 - INFO - [1/35] 2024 - tous
2025-09-19 10:00:59,044 - INFO - SUCCESS: scan_2024_fe_99_tous.csv (774 lignes, 12 colonnes)
2025-09-19 10:01:02,046 - INFO - [2/35] 2024 - rgpGHM
2025-09-19 10:01:07,859 - INFO - SUCCESS: scan_2024_fe_99_rgpGHM_ASOM.csv (774 lignes, 12 colonnes)
2025-09-19 10:01:10,860 - INFO - [3/35] 2024 - rgpGHM
2025-09-19 10:01:16,690 - INFO - SUCCESS: scan_2024_fe_99_rgpGHM_ASOC.csv (774 lignes, 12 colonnes)
2025-09-19 10:01:19,691 - INFO - [4/35] 2024 - rgpGHM
2025-09-19 10:01:25,452 - INFO - SUCCESS: scan_2024_fe_99_rgpGHM_ASOO.csv (774 lignes, 12 colonnes)
2025-09-19 10:01:28,454 - INFO - [5/35] 2024 - rgpGHM
2025-09-19 10:01:31,426 - INFO - SUCCESS: scan_2024_fe_99_rgpGHM_CASC.csv (774 lignes, 12 colonnes)
2025-09-19 10:01:34,427 - INFO - [6/35] 2024 - rgpGHM
2025-09-19 10:01:39,818 - INFO - SUCCESS: scan_2024_fe_99_rgpGHM_CASM.csv (774 lignes, 12 colonnes)
2025-09-19 10:01:42,819 - INFO - [7/35] 2024 - rgpGHM
2025-09-19 10:01:48,555 - INFO - SUCCESS: scan_2024_fe_99_rgpGHM_CASO.csv (774 lignes, 12 colonnes)
2025-09-19 10:01:51,555 - INFO - [8/35] 2023 - tous
2025-09-19 10:01:54,434 - INFO - SUCCESS: scan_2023_fe_99_tous.csv (776 lignes, 12 colonnes)
2025-09-19 10:01:57,436 - INFO - [9/35] 2023 - rgpGHM
2025-09-19 10:02:00,254 - INFO - SUCCESS: scan_2023_fe_99_rgpGHM_ASOM.csv (776 lignes, 12 colonnes)
2025-09-19 10:02:03,255 - INFO - [10/35] 2023 - rgpGHM
2025-09-19 10:02:08,513 - INFO - SUCCESS: scan_2023_fe_99_rgpGHM_ASOC.csv (776 lignes, 12 colonnes)
2025-09-19 10:02:11,515 - INFO - [11/35] 2023 - rgpGHM
2025-09-19 10:02:22,220 - INFO - SUCCESS: scan_2023_fe_99_rgpGHM_ASOO.csv (776 lignes, 12 colonnes)
2025-09-19 10:02:25,222 - INFO - [12/35] 2023 - rgpGHM
2025-09-19 10:02:30,639 - INFO - SUCCESS: scan_2023_fe_99_rgpGHM_CASC.csv (776 lignes, 12 colonnes)
2025-09-19 10:02:33,640 - INFO - [13/35] 2023 - rgpGHM
2025-09-19 10:02:39,105 - INFO - SUCCESS: scan_2023_fe_99_rgpGHM_CASM.csv (776 lignes, 12 colonnes)
2025-09-19 10:02:42,107 - INFO - [14/35] 2023 - rgpGHM
2025-09-19 10:02:47,919 - INFO - SUCCESS: scan_2023_fe_99_rgpGHM_CASO.csv (776 lignes, 12 colonnes)
2025-09-19 10:02:50,920 - INFO - [15/35] 2022 - tous
2025-09-19 10:02:57,533 - INFO - SUCCESS: scan_2022_fe_99_tous.csv (782 lignes, 12 colonnes)
2025-09-19 10:03:00,534 - INFO - [16/35] 2022 - rgpGHM
2025-09-19 10:03:07,053 - INFO - SUCCESS: scan_2022_fe_99_rgpGHM_ASOM.csv (782 lignes, 12 colonnes)
2025-09-19 10:03:10,054 - INFO - [17/35] 2022 - rgpGHM
2025-09-19 10:03:16,326 - INFO - SUCCESS: scan_2022_fe_99_rgpGHM_ASOC.csv (782 lignes, 12 colonnes)
2025-09-19 10:03:19,327 - INFO - [18/35] 2022 - rgpGHM
2025-09-19 10:03:25,338 - INFO - SUCCESS: scan_2022_fe_99_rgpGHM_ASOO.csv (782 lignes, 12 colonnes)
2025-09-19 10:03:28,339 - INFO - [19/35] 2022 - rgpGHM
2025-09-19 10:03:34,204 - INFO - SUCCESS: scan_2022_fe_99_rgpGHM_CASC.csv (782 lignes, 12 colonnes)
2025-09-19 10:03:37,205 - INFO - [20/35] 2022 - rgpGHM
2025-09-19 10:03:43,515 - INFO - SUCCESS: scan_2022_fe_99_rgpGHM_CASM.csv (782 lignes, 12 colonnes)
2025-09-19 10:03:46,516 - INFO - [21/35] 2022 - rgpGHM
2025-09-19 10:03:52,560 - INFO - SUCCESS: scan_2022_fe_99_rgpGHM_CASO.csv (782 lignes, 12 colonnes)
2025-09-19 10:03:55,560 - INFO - [22/35] 2021 - tous
2025-09-19 10:04:01,035 - INFO - SUCCESS: scan_2021_fe_99_tous.csv (782 lignes, 12 colonnes)
2025-09-19 10:04:04,036 - INFO - [23/35] 2021 - rgpGHM
2025-09-19 10:04:17,763 - INFO - SUCCESS: scan_2021_fe_99_rgpGHM_ASOM.csv (782 lignes, 12 colonnes)
2025-09-19 10:04:20,764 - INFO - [24/35] 2021 - rgpGHM
2025-09-19 10:04:26,240 - INFO - SUCCESS: scan_2021_fe_99_rgpGHM_ASOC.csv (782 lignes, 12 colonnes)
2025-09-19 10:04:29,241 - INFO - [25/35] 2021 - rgpGHM
2025-09-19 10:04:35,562 - INFO - SUCCESS: scan_2021_fe_99_rgpGHM_ASOO.csv (782 lignes, 12 colonnes)
2025-09-19 10:04:38,563 - INFO - [26/35] 2021 - rgpGHM
2025-09-19 10:04:44,598 - INFO - SUCCESS: scan_2021_fe_99_rgpGHM_CASC.csv (782 lignes, 12 colonnes)
2025-09-19 10:04:47,600 - INFO - [27/35] 2021 - rgpGHM
2025-09-19 10:04:53,148 - INFO - SUCCESS: scan_2021_fe_99_rgpGHM_CASM.csv (782 lignes, 12 colonnes)
2025-09-19 10:04:56,149 - INFO - [28/35] 2021 - rgpGHM
2025-09-19 10:05:02,413 - INFO - SUCCESS: scan_2021_fe_99_rgpGHM_CASO.csv (782 lignes, 12 colonnes)
2025-09-19 10:05:05,417 - INFO - [29/35] 2020 - tous
2025-09-19 10:05:11,079 - INFO - SUCCESS: scan_2020_fe_99_tous.csv (780 lignes, 12 colonnes)
2025-09-19 10:05:14,080 - INFO - [30/35] 2020 - rgpGHM
2025-09-19 10:05:19,435 - INFO - SUCCESS: scan_2020_fe_99_rgpGHM_ASOM.csv (780 lignes, 12 colonnes)
2025-09-19 10:05:22,436 - INFO - [31/35] 2020 - rgpGHM
2025-09-19 10:05:28,807 - INFO - SUCCESS: scan_2020_fe_99_rgpGHM_ASOC.csv (780 lignes, 12 colonnes)
2025-09-19 10:05:31,808 - INFO - [32/35] 2020 - rgpGHM
2025-09-19 10:05:37,080 - INFO - SUCCESS: scan_2020_fe_99_rgpGHM_ASOO.csv (780 lignes, 12 colonnes)
2025-09-19 10:05:40,081 - INFO - [33/35] 2020 - rgpGHM
2025-09-19 10:05:45,421 - INFO - SUCCESS: scan_2020_fe_99_rgpGHM_CASC.csv (780 lignes, 12 colonnes)
2025-09-19 10:05:48,422 - INFO - [34/35] 2020 - rgpGHM
2025-09-19 10:05:54,140 - INFO - SUCCESS: scan_2020_fe_99_rgpGHM_CASM.csv (780 lignes, 12 colonnes)
2025-09-19 10:05:57,141 - INFO - [35/35] 2020 - rgpGHM
2025-09-19 10:06:35,941 - INFO - SUCCESS: scan_2020_fe_99_rgpGHM_CASO.csv (780 lignes, 12 colonnes)
2025-09-19 10:06:38,942 - INFO - Automatisation terminée!
2025-09-19 10:06:38,942 - INFO - Succès: 35
2025-09-19 10:06:38,942 - INFO - Échecs: 0
2025-09-19 10:06:38,942 - INFO - Dossier: csv_files
2025-09-19 15:13:37,111 - INFO - Test limité avec 5 combinaisons
2025-09-19 15:13:37,112 - INFO - Début de l'automatisation ScanSante COMPLÈTE avec scraping HTML
2025-09-19 15:13:37,112 - INFO - Estimation: 28,800 combinaisons à traiter
2025-09-19 15:13:37,127 - INFO - LIMITATION: Traitement des 5 premières combinaisons sur 28320
2025-09-19 15:13:37,128 - INFO - [1/5] - Temps écoulé: 0.0min - Estimation totale: 0.0min
2025-09-19 15:13:37,128 - INFO - [1/5] 2024 fe:99 bpub tous
2025-09-19 15:13:45,590 - INFO - SUCCESS: scan_2024_fe_99_bpub_tous.csv (774 lignes, 12 colonnes)
2025-09-19 15:13:46,591 - INFO - [2/5] 2024 fe:99 bpub rgpGHM
2025-09-19 15:13:57,757 - INFO - SUCCESS: scan_2024_fe_99_bpub_rgpGHM_ASOM.csv (774 lignes, 12 colonnes)
2025-09-19 15:13:58,758 - INFO - [3/5] 2024 fe:99 bpub rgpGHM
2025-09-19 15:14:04,222 - INFO - SUCCESS: scan_2024_fe_99_bpub_rgpGHM_ASOC.csv (774 lignes, 12 colonnes)
2025-09-19 15:14:05,223 - INFO - [4/5] 2024 fe:99 bpub rgpGHM
2025-09-19 15:14:10,887 - INFO - SUCCESS: scan_2024_fe_99_bpub_rgpGHM_ASOO.csv (774 lignes, 12 colonnes)
2025-09-19 15:14:11,888 - INFO - [5/5] 2024 fe:99 bpub rgpGHM
2025-09-19 15:14:17,729 - INFO - SUCCESS: scan_2024_fe_99_bpub_rgpGHM_CASC.csv (774 lignes, 12 colonnes)
2025-09-19 15:14:18,730 - INFO - Automatisation terminee en 0.7 minutes!
2025-09-19 15:14:18,731 - INFO - Succes: 5
2025-09-19 15:14:18,731 - INFO - Echecs: 0
2025-09-19 15:14:18,731 - INFO - Dossier: csv_files
2025-09-19 15:27:29,079 - INFO - Test limité avec 10 combinaisons
2025-09-19 15:27:29,081 - INFO - Début de l'automatisation ScanSante COMPLÈTE avec scraping HTML
2025-09-19 15:27:29,082 - INFO - Estimation: 28,800 combinaisons à traiter
2025-09-19 15:27:29,083 - INFO - LIMITATION: Traitement des 10 premières combinaisons sur 356
2025-09-19 15:27:29,083 - INFO - [1/10] - Temps écoulé: 0.0min - ETA: 0.0min
2025-09-19 15:27:29,083 - INFO - [1/10] 2024 fe:99 bpub tous (high)
2025-09-19 15:27:35,163 - INFO - SUCCESS: scan_2024_fe_99_bpub_tous.csv (774 lignes, 12 colonnes)
2025-09-19 15:27:36,165 - INFO - [2/10] 2024 fe:99 bpub rgpGHM (high)
2025-09-19 15:27:39,365 - INFO - SUCCESS: scan_2024_fe_99_bpub_rgpGHM_ASOM.csv (774 lignes, 12 colonnes)
2025-09-19 15:27:40,366 - INFO - [3/10] 2024 fe:99 bpub rgpGHM (high)
2025-09-19 15:27:43,700 - INFO - SUCCESS: scan_2024_fe_99_bpub_rgpGHM_ASOC.csv (774 lignes, 12 colonnes)
2025-09-19 15:27:44,702 - INFO - [4/10] 2024 fe:99 ball tous (high)
2025-09-19 15:27:47,651 - ERROR - Aucun tableau trouvé
2025-09-19 15:27:48,652 - INFO - [5/10] 2024 fe:99 ball rgpGHM (high)
2025-09-19 15:27:51,388 - ERROR - Aucun tableau trouvé
2025-09-19 15:27:52,389 - INFO - [6/10] 2024 fe:99 ball rgpGHM (high)
2025-09-19 15:27:55,175 - ERROR - Aucun tableau trouvé
2025-09-19 15:27:56,177 - INFO - [7/10] 2024 re:11 bpub tous (high)
2025-09-19 15:27:58,885 - ERROR - Aucun tableau trouvé
2025-09-19 15:27:59,886 - INFO - [8/10] 2024 re:11 bpub rgpGHM (high)
2025-09-19 15:28:02,568 - ERROR - Aucun tableau trouvé
2025-09-19 15:28:03,569 - INFO - [9/10] 2024 re:11 bpub rgpGHM (high)
2025-09-19 15:28:06,345 - ERROR - Aucun tableau trouvé
2025-09-19 15:28:07,347 - INFO - [10/10] 2024 re:11 ball tous (high)
2025-09-19 15:28:09,960 - ERROR - Aucun tableau trouvé
2025-09-19 15:28:10,962 - INFO - Automatisation terminee en 0.7 minutes!
2025-09-19 15:28:10,962 - INFO - Succes avec donnees: 3
2025-09-19 15:28:10,963 - INFO - Zones vides detestees: 0
2025-09-19 15:28:10,963 - INFO - Donnees minimales: 0
2025-09-19 15:28:10,964 - INFO - Echecs techniques: 7
2025-09-19 15:28:10,964 - INFO - Dossier: csv_files
2025-09-19 15:28:50,576 - INFO - Test limité avec 5 combinaisons
2025-09-19 15:28:50,576 - INFO - Début de l'automatisation ScanSante COMPLÈTE avec scraping HTML
2025-09-19 15:28:50,576 - INFO - Estimation: 28,800 combinaisons à traiter
2025-09-19 15:28:50,577 - INFO - LIMITATION: Traitement des 5 premières combinaisons sur 191
2025-09-19 15:28:50,577 - INFO - [1/5] - Temps écoulé: 0.0min - ETA: 0.0min
2025-09-19 15:28:50,577 - INFO - [1/5] 2024 fe:99 bpub tous (high)
2025-09-19 15:28:56,807 - INFO - SUCCESS: scan_2024_fe_99_bpub_tous.csv (774 lignes, 12 colonnes)
2025-09-19 15:28:57,809 - INFO - [2/5] 2024 fe:99 bpub rgpGHM (high)
2025-09-19 15:29:01,448 - INFO - SUCCESS: scan_2024_fe_99_bpub_rgpGHM_ASOM.csv (774 lignes, 12 colonnes)
2025-09-19 15:29:02,450 - INFO - [3/5] 2024 fe:99 bpub rgpGHM (high)
2025-09-19 15:29:05,891 - INFO - SUCCESS: scan_2024_fe_99_bpub_rgpGHM_ASOC.csv (774 lignes, 12 colonnes)
2025-09-19 15:29:06,894 - INFO - [4/5] 2024 re:11 bpub tous (high)
2025-09-19 15:29:09,430 - ERROR - Aucun tableau trouvé
2025-09-19 15:29:10,434 - INFO - [5/5] 2024 re:11 bpub rgpGHM (high)
2025-09-19 15:29:13,088 - ERROR - Aucun tableau trouvé
2025-09-19 15:29:14,090 - INFO - Automatisation terminee en 0.4 minutes!
2025-09-19 15:29:14,090 - INFO - Succes avec donnees: 3
2025-09-19 15:29:14,090 - INFO - Zones vides detestees: 0
2025-09-19 15:29:14,090 - INFO - Donnees minimales: 0
2025-09-19 15:29:14,090 - INFO - Echecs techniques: 2
2025-09-19 15:29:14,091 - INFO - Dossier: csv_files
2025-09-19 15:30:30,408 - INFO - Test limité avec 10 combinaisons
2025-09-19 15:30:30,409 - INFO - Début de l'automatisation ScanSante COMPLÈTE avec scraping HTML
2025-09-19 15:30:30,409 - INFO - Estimation: 28,800 combinaisons à traiter
2025-09-19 15:30:30,409 - INFO - LIMITATION: Traitement des 10 premières combinaisons sur 250
2025-09-19 15:30:30,409 - INFO - [1/10] - Temps écoulé: 0.0min - ETA: 0.0min
2025-09-19 15:30:30,410 - INFO - [1/10] 2024 fe:99 bpub tous (critical)
2025-09-19 15:30:36,128 - INFO - SUCCESS: scan_2024_fe_99_bpub_tous.csv (774 lignes, 12 colonnes)
2025-09-19 15:30:37,129 - INFO - [2/10] 2024 fe:99 bpub rgpGHM (critical)
2025-09-19 15:30:40,571 - INFO - SUCCESS: scan_2024_fe_99_bpub_rgpGHM_ASOM.csv (774 lignes, 12 colonnes)
2025-09-19 15:30:41,573 - INFO - [3/10] 2024 fe:99 bpub rgpGHM (critical)
2025-09-19 15:30:44,755 - INFO - SUCCESS: scan_2024_fe_99_bpub_rgpGHM_ASOC.csv (774 lignes, 12 colonnes)
2025-09-19 15:30:45,757 - INFO - [4/10] 2024 fe:99 bpub rgpGHM (critical)
2025-09-19 15:30:48,865 - INFO - SUCCESS: scan_2024_fe_99_bpub_rgpGHM_ASOO.csv (774 lignes, 12 colonnes)
2025-09-19 15:30:49,866 - INFO - [5/10] 2024 fe:99 bpub rgpGHM (high)
2025-09-19 15:30:53,025 - INFO - SUCCESS: scan_2024_fe_99_bpub_rgpGHM_CASC.csv (774 lignes, 12 colonnes)
2025-09-19 15:30:54,026 - INFO - [6/10] 2024 fe:99 bpub rgpGHM (high)
2025-09-19 15:31:00,662 - INFO - SUCCESS: scan_2024_fe_99_bpub_rgpGHM_CASO14.csv (774 lignes, 12 colonnes)
2025-09-19 15:31:01,666 - INFO - [7/10] 2024 fe:99 bpub rgpGHM (high)
2025-09-19 15:31:07,131 - INFO - SUCCESS: scan_2024_fe_99_bpub_rgpGHM_CASO15.csv (774 lignes, 12 colonnes)
2025-09-19 15:31:08,133 - INFO - [8/10] 2024 fe:99 bpub rgpGHM (high)
2025-09-19 15:31:14,126 - INFO - SUCCESS: scan_2024_fe_99_bpub_rgpGHM_CASPI.csv (774 lignes, 12 colonnes)
2025-09-19 15:31:15,127 - INFO - [9/10] 2024 fe:99 bpri tous (critical)
2025-09-19 15:31:20,487 - INFO - SUCCESS: scan_2024_fe_99_bpri_tous.csv (668 lignes, 12 colonnes)
2025-09-19 15:31:21,488 - INFO - [10/10] 2024 fe:99 bpri rgpGHM (critical)
2025-09-19 15:31:26,689 - INFO - SUCCESS: scan_2024_fe_99_bpri_rgpGHM_ASOM.csv (668 lignes, 12 colonnes)
2025-09-19 15:31:27,691 - INFO - Automatisation terminee en 1.0 minutes!
2025-09-19 15:31:27,693 - INFO - Succes avec donnees: 10
2025-09-19 15:31:27,695 - INFO - Zones vides detestees: 0
2025-09-19 15:31:27,696 - INFO - Donnees minimales: 0
2025-09-19 15:31:27,698 - INFO - Echecs techniques: 0
2025-09-19 15:31:27,699 - INFO - Dossier: csv_files
2025-09-19 15:49:47,428 - INFO - Test limité avec 3 combinaisons
2025-09-19 15:49:47,429 - INFO - Début de l'automatisation ScanSante COMPLÈTE avec scraping HTML
2025-09-19 15:49:47,430 - INFO - Estimation: 28,800 combinaisons à traiter
2025-09-19 15:49:47,430 - INFO - LIMITATION: Traitement des 3 premières combinaisons sur 250
2025-09-19 15:49:47,430 - INFO - [1/3] - Temps écoulé: 0.0min - ETA: 0.0min
2025-09-19 15:49:47,430 - INFO - [1/3] 2024 fe:99 bpub tous (critical)
2025-09-19 15:49:52,864 - INFO - SUCCESS: 01_France_entiere\A_Publics_PSPH\1_Tous_sejours\2024_tous_sejours.csv (774 lignes, 12 colonnes)
2025-09-19 15:49:53,866 - INFO - [2/3] 2024 fe:99 bpub rgpGHM (critical)
2025-09-19 15:49:58,376 - INFO - SUCCESS: 01_France_entiere\A_Publics_PSPH\2_Activites_soins\2024_activite_medecine.csv (774 lignes, 12 colonnes)
2025-09-19 15:49:59,377 - INFO - [3/3] 2024 fe:99 bpub rgpGHM (critical)
2025-09-19 15:50:02,435 - INFO - SUCCESS: 01_France_entiere\A_Publics_PSPH\2_Activites_soins\2024_activite_chirurgie.csv (774 lignes, 12 colonnes)
2025-09-19 15:50:03,436 - INFO - Automatisation terminee en 0.3 minutes!
2025-09-19 15:50:03,437 - INFO - Succes avec donnees: 3
2025-09-19 15:50:03,438 - INFO - Zones vides detestees: 0
2025-09-19 15:50:03,438 - INFO - Donnees minimales: 0
2025-09-19 15:50:03,438 - INFO - Echecs techniques: 0
2025-09-19 15:50:03,438 - INFO - Dossier: donnees_scansante
2025-09-19 16:00:13,191 - INFO - Début de l'automatisation ScanSante COMPLÈTE avec scraping HTML
2025-09-19 16:00:13,192 - INFO - Estimation: 28,800 combinaisons à traiter
2025-09-19 16:00:13,192 - INFO - Traitement de TOUTES les 250 combinaisons
2025-09-19 16:00:13,193 - INFO - [1/250] - Temps écoulé: 0.0min - ETA: 0.0min
2025-09-19 16:00:13,193 - INFO - [1/250] 2024 fe:99 bpub tous (critical)
2025-09-19 16:00:28,280 - INFO - SUCCESS: 01_France_entiere\A_Publics_PSPH\1_Tous_sejours\2024_tous_sejours.csv (774 lignes, 12 colonnes)
2025-09-19 16:00:30,282 - INFO - [2/250] 2024 fe:99 bpub rgpGHM (critical)
2025-09-19 16:00:33,303 - INFO - SUCCESS: 01_France_entiere\A_Publics_PSPH\2_Activites_soins\2024_activite_medecine.csv (774 lignes, 12 colonnes)
2025-09-19 16:00:35,303 - INFO - [3/250] 2024 fe:99 bpub rgpGHM (critical)
2025-09-19 16:00:38,152 - INFO - SUCCESS: 01_France_entiere\A_Publics_PSPH\2_Activites_soins\2024_activite_chirurgie.csv (774 lignes, 12 colonnes)
2025-09-19 16:00:40,153 - INFO - [4/250] 2024 fe:99 bpub rgpGHM (critical)
2025-09-19 16:00:42,999 - INFO - SUCCESS: 01_France_entiere\A_Publics_PSPH\2_Activites_soins\2024_activite_obstetrique.csv (774 lignes, 12 colonnes)
2025-09-19 16:00:45,000 - INFO - [5/250] 2024 fe:99 bpub rgpGHM (high)
2025-09-19 16:00:48,009 - INFO - SUCCESS: 01_France_entiere\A_Publics_PSPH\3_Categories_activites\2024_categorie_chirurgie.csv (774 lignes, 12 colonnes)
2025-09-19 16:00:50,011 - INFO - [6/250] 2024 fe:99 bpub rgpGHM (high)
2025-09-19 16:00:58,058 - INFO - SUCCESS: 01_France_entiere\A_Publics_PSPH\3_Categories_activites\2024_categorie_obstetrique.csv (774 lignes, 12 colonnes)
2025-09-19 16:01:00,060 - INFO - [7/250] 2024 fe:99 bpub rgpGHM (high)
2025-09-19 16:01:02,792 - INFO - SUCCESS: 01_France_entiere\A_Publics_PSPH\3_Categories_activites\2024_categorie_nouveau_nes.csv (774 lignes, 12 colonnes)
2025-09-19 16:01:04,793 - INFO - [8/250] 2024 fe:99 bpub rgpGHM (high)
2025-09-19 16:01:07,815 - INFO - SUCCESS: 01_France_entiere\A_Publics_PSPH\3_Categories_activites\2024_categorie_peu_invasif.csv (774 lignes, 12 colonnes)
2025-09-19 16:01:09,817 - INFO - [9/250] 2024 fe:99 bpri tous (critical)
2025-09-19 16:01:13,557 - INFO - SUCCESS: 01_France_entiere\B_Prives_OQN\1_Tous_sejours\2024_tous_sejours.csv (668 lignes, 12 colonnes)
2025-09-19 16:01:15,559 - INFO - [10/250] 2024 fe:99 bpri rgpGHM (critical)
2025-09-19 16:01:18,486 - INFO - SUCCESS: 01_France_entiere\B_Prives_OQN\2_Activites_soins\2024_activite_medecine.csv (668 lignes, 12 colonnes)
2025-09-19 16:01:20,488 - INFO - [11/250] 2024 fe:99 bpri rgpGHM (critical)
2025-09-19 16:01:25,599 - INFO - SUCCESS: 01_France_entiere\B_Prives_OQN\2_Activites_soins\2024_activite_chirurgie.csv (668 lignes, 12 colonnes)
2025-09-19 16:01:27,602 - INFO - [12/250] 2024 fe:99 bpri rgpGHM (critical)
2025-09-19 16:01:32,799 - INFO - SUCCESS: 01_France_entiere\B_Prives_OQN\2_Activites_soins\2024_activite_obstetrique.csv (668 lignes, 12 colonnes)
2025-09-19 16:01:34,801 - INFO - [13/250] 2024 fe:99 bpri rgpGHM (high)
2025-09-19 16:01:39,567 - INFO - SUCCESS: 01_France_entiere\B_Prives_OQN\3_Categories_activites\2024_categorie_chirurgie.csv (668 lignes, 12 colonnes)
2025-09-19 16:01:41,568 - INFO - [14/250] 2024 fe:99 bpri rgpGHM (high)
2025-09-19 16:01:46,611 - INFO - SUCCESS: 01_France_entiere\B_Prives_OQN\3_Categories_activites\2024_categorie_obstetrique.csv (668 lignes, 12 colonnes)
2025-09-19 16:01:48,613 - INFO - [15/250] 2024 fe:99 bpri rgpGHM (high)
2025-09-19 16:01:53,671 - INFO - SUCCESS: 01_France_entiere\B_Prives_OQN\3_Categories_activites\2024_categorie_nouveau_nes.csv (668 lignes, 12 colonnes)
2025-09-19 16:01:55,672 - INFO - [16/250] 2024 fe:99 bpri rgpGHM (high)
2025-09-19 16:02:00,549 - INFO - SUCCESS: 01_France_entiere\B_Prives_OQN\3_Categories_activites\2024_categorie_peu_invasif.csv (668 lignes, 12 colonnes)
2025-09-19 16:02:02,551 - INFO - [17/250] 2024 fe:99 ball tous (critical)
2025-09-19 16:02:05,128 - ERROR - Aucun tableau trouvé
2025-09-19 16:02:07,129 - INFO - [18/250] 2024 fe:99 ball rgpGHM (critical)
2025-09-19 16:02:09,532 - ERROR - Aucun tableau trouvé
2025-09-19 16:02:11,533 - INFO - [19/250] 2024 fe:99 ball rgpGHM (critical)
2025-09-19 16:02:13,729 - ERROR - Aucun tableau trouvé
2025-09-19 16:02:15,730 - INFO - [20/250] 2024 fe:99 ball rgpGHM (critical)
2025-09-19 16:02:18,583 - ERROR - Aucun tableau trouvé
2025-09-19 16:02:20,583 - INFO - [21/250] 2024 fe:99 ball rgpGHM (high)
2025-09-19 16:02:23,368 - ERROR - Aucun tableau trouvé
2025-09-19 16:02:25,370 - INFO - [22/250] 2024 fe:99 ball rgpGHM (high)
2025-09-19 16:02:28,185 - ERROR - Aucun tableau trouvé
2025-09-19 16:02:30,186 - INFO - [23/250] 2024 fe:99 ball rgpGHM (high)
2025-09-19 16:02:33,095 - ERROR - Aucun tableau trouvé
2025-09-19 16:02:35,096 - INFO - [24/250] 2024 fe:99 ball rgpGHM (high)
2025-09-19 16:02:38,048 - ERROR - Aucun tableau trouvé
2025-09-19 16:02:40,049 - INFO - [25/250] 2023 fe:99 bpub tous (critical)
2025-09-19 16:02:45,306 - INFO - SUCCESS: 01_France_entiere\A_Publics_PSPH\1_Tous_sejours\2023_tous_sejours.csv (776 lignes, 12 colonnes)
2025-09-19 16:02:47,307 - INFO - [26/250] 2023 fe:99 bpub rgpGHM (critical)
2025-09-19 16:02:52,906 - INFO - SUCCESS: 01_France_entiere\A_Publics_PSPH\2_Activites_soins\2023_activite_medecine.csv (776 lignes, 12 colonnes)
2025-09-19 16:02:54,909 - INFO - [27/250] 2023 fe:99 bpub rgpGHM (critical)
2025-09-19 16:03:00,310 - INFO - SUCCESS: 01_France_entiere\A_Publics_PSPH\2_Activites_soins\2023_activite_chirurgie.csv (776 lignes, 12 colonnes)
2025-09-19 16:03:02,312 - INFO - [28/250] 2023 fe:99 bpub rgpGHM (critical)
2025-09-19 16:03:07,731 - INFO - SUCCESS: 01_France_entiere\A_Publics_PSPH\2_Activites_soins\2023_activite_obstetrique.csv (776 lignes, 12 colonnes)
2025-09-19 16:03:09,733 - INFO - [29/250] 2023 fe:99 bpub rgpGHM (high)
2025-09-19 16:03:15,233 - INFO - SUCCESS: 01_France_entiere\A_Publics_PSPH\3_Categories_activites\2023_categorie_chirurgie.csv (776 lignes, 12 colonnes)
2025-09-19 16:03:17,235 - INFO - [30/250] 2023 fe:99 bpub rgpGHM (high)
2025-09-19 16:03:22,888 - INFO - SUCCESS: 01_France_entiere\A_Publics_PSPH\3_Categories_activites\2023_categorie_obstetrique.csv (776 lignes, 12 colonnes)
2025-09-19 16:03:24,889 - INFO - [31/250] 2023 fe:99 bpub rgpGHM (high)
2025-09-19 16:03:30,563 - INFO - SUCCESS: 01_France_entiere\A_Publics_PSPH\3_Categories_activites\2023_categorie_nouveau_nes.csv (776 lignes, 12 colonnes)
2025-09-19 16:03:32,564 - INFO - [32/250] 2023 fe:99 bpub rgpGHM (high)
2025-09-19 16:03:37,827 - INFO - SUCCESS: 01_France_entiere\A_Publics_PSPH\3_Categories_activites\2023_categorie_peu_invasif.csv (776 lignes, 12 colonnes)
2025-09-19 16:03:39,828 - INFO - [33/250] 2023 fe:99 bpri tous (critical)
2025-09-19 16:03:45,014 - INFO - SUCCESS: 01_France_entiere\B_Prives_OQN\1_Tous_sejours\2023_tous_sejours.csv (678 lignes, 12 colonnes)
2025-09-19 16:03:47,015 - INFO - [34/250] 2023 fe:99 bpri rgpGHM (critical)
2025-09-19 16:03:52,699 - INFO - SUCCESS: 01_France_entiere\B_Prives_OQN\2_Activites_soins\2023_activite_medecine.csv (678 lignes, 12 colonnes)
2025-09-19 16:03:54,700 - INFO - [35/250] 2023 fe:99 bpri rgpGHM (critical)
2025-09-19 16:03:59,446 - INFO - SUCCESS: 01_France_entiere\B_Prives_OQN\2_Activites_soins\2023_activite_chirurgie.csv (678 lignes, 12 colonnes)
2025-09-19 16:04:01,448 - INFO - [36/250] 2023 fe:99 bpri rgpGHM (critical)
2025-09-19 16:04:06,841 - INFO - SUCCESS: 01_France_entiere\B_Prives_OQN\2_Activites_soins\2023_activite_obstetrique.csv (678 lignes, 12 colonnes)
2025-09-19 16:04:08,842 - INFO - [37/250] 2023 fe:99 bpri rgpGHM (high)
2025-09-19 16:04:13,574 - INFO - SUCCESS: 01_France_entiere\B_Prives_OQN\3_Categories_activites\2023_categorie_chirurgie.csv (678 lignes, 12 colonnes)
2025-09-19 16:04:15,575 - INFO - [38/250] 2023 fe:99 bpri rgpGHM (high)
2025-09-19 16:04:20,898 - INFO - SUCCESS: 01_France_entiere\B_Prives_OQN\3_Categories_activites\2023_categorie_obstetrique.csv (678 lignes, 12 colonnes)
2025-09-19 16:04:22,899 - INFO - [39/250] 2023 fe:99 bpri rgpGHM (high)
2025-09-19 16:04:28,863 - INFO - SUCCESS: 01_France_entiere\B_Prives_OQN\3_Categories_activites\2023_categorie_nouveau_nes.csv (678 lignes, 12 colonnes)
2025-09-19 16:04:30,867 - INFO - [40/250] 2023 fe:99 bpri rgpGHM (high)
2025-09-19 16:04:36,743 - INFO - SUCCESS: 01_France_entiere\B_Prives_OQN\3_Categories_activites\2023_categorie_peu_invasif.csv (678 lignes, 12 colonnes)
2025-09-19 16:04:38,744 - INFO - [41/250] 2023 fe:99 ball tous (critical)
2025-09-19 16:04:41,973 - ERROR - Aucun tableau trouvé
2025-09-19 16:04:43,974 - INFO - [42/250] 2023 fe:99 ball rgpGHM (critical)
2025-09-19 16:04:46,652 - ERROR - Aucun tableau trouvé
2025-09-19 16:04:48,653 - INFO - [43/250] 2023 fe:99 ball rgpGHM (critical)
2025-09-19 16:04:51,438 - ERROR - Aucun tableau trouvé
2025-09-19 16:04:53,440 - INFO - [44/250] 2023 fe:99 ball rgpGHM (critical)
2025-09-19 16:04:56,222 - ERROR - Aucun tableau trouvé
2025-09-19 16:04:58,223 - INFO - [45/250] 2023 fe:99 ball rgpGHM (high)
2025-09-19 16:05:01,089 - ERROR - Aucun tableau trouvé
2025-09-19 16:05:03,090 - INFO - [46/250] 2023 fe:99 ball rgpGHM (high)
2025-09-19 16:05:05,836 - ERROR - Aucun tableau trouvé
2025-09-19 16:05:07,838 - INFO - [47/250] 2023 fe:99 ball rgpGHM (high)
2025-09-19 16:05:10,631 - ERROR - Aucun tableau trouvé
2025-09-19 16:05:12,632 - INFO - [48/250] 2023 fe:99 ball rgpGHM (high)
2025-09-19 16:05:15,409 - ERROR - Aucun tableau trouvé
2025-09-19 16:05:17,410 - INFO - [49/250] 2022 fe:99 bpub tous (critical)
2025-09-19 16:05:24,841 - INFO - SUCCESS: 01_France_entiere\A_Publics_PSPH\1_Tous_sejours\2022_tous_sejours.csv (782 lignes, 12 colonnes)
2025-09-19 16:05:26,843 - INFO - [50/250] - Temps écoulé: 5.2min - ETA: 26.1min
2025-09-19 16:05:26,844 - INFO - [50/250] 2022 fe:99 bpub rgpGHM (critical)
2025-09-19 16:05:31,966 - INFO - SUCCESS: 01_France_entiere\A_Publics_PSPH\2_Activites_soins\2022_activite_medecine.csv (782 lignes, 12 colonnes)
2025-09-19 16:05:33,969 - INFO - [51/250] 2022 fe:99 bpub rgpGHM (critical)
2025-09-19 16:05:39,312 - INFO - SUCCESS: 01_France_entiere\A_Publics_PSPH\2_Activites_soins\2022_activite_chirurgie.csv (782 lignes, 12 colonnes)
2025-09-19 16:05:41,313 - INFO - [52/250] 2022 fe:99 bpub rgpGHM (critical)
2025-09-19 16:05:46,881 - INFO - SUCCESS: 01_France_entiere\A_Publics_PSPH\2_Activites_soins\2022_activite_obstetrique.csv (782 lignes, 12 colonnes)
2025-09-19 16:05:48,882 - INFO - [53/250] 2022 fe:99 bpub rgpGHM (high)
2025-09-19 16:05:54,021 - INFO - SUCCESS: 01_France_entiere\A_Publics_PSPH\3_Categories_activites\2022_categorie_chirurgie.csv (782 lignes, 12 colonnes)
2025-09-19 16:05:56,022 - INFO - [54/250] 2022 fe:99 bpub rgpGHM (high)
2025-09-19 16:06:01,437 - INFO - SUCCESS: 01_France_entiere\A_Publics_PSPH\3_Categories_activites\2022_categorie_obstetrique.csv (782 lignes, 12 colonnes)
2025-09-19 16:06:03,438 - INFO - [55/250] 2022 fe:99 bpub rgpGHM (high)
2025-09-19 16:06:08,641 - INFO - SUCCESS: 01_France_entiere\A_Publics_PSPH\3_Categories_activites\2022_categorie_nouveau_nes.csv (782 lignes, 12 colonnes)
2025-09-19 16:06:10,642 - INFO - [56/250] 2022 fe:99 bpub rgpGHM (high)
2025-09-19 16:06:15,900 - INFO - SUCCESS: 01_France_entiere\A_Publics_PSPH\3_Categories_activites\2022_categorie_peu_invasif.csv (782 lignes, 12 colonnes)
2025-09-19 16:06:17,901 - INFO - [57/250] 2022 fe:99 bpri tous (critical)
2025-09-19 16:06:22,881 - INFO - SUCCESS: 01_France_entiere\B_Prives_OQN\1_Tous_sejours\2022_tous_sejours.csv (686 lignes, 12 colonnes)
2025-09-19 16:06:24,881 - INFO - [58/250] 2022 fe:99 bpri rgpGHM (critical)
2025-09-19 16:06:29,666 - INFO - SUCCESS: 01_France_entiere\B_Prives_OQN\2_Activites_soins\2022_activite_medecine.csv (686 lignes, 12 colonnes)
2025-09-19 16:06:31,667 - INFO - [59/250] 2022 fe:99 bpri rgpGHM (critical)
2025-09-19 16:06:36,433 - INFO - SUCCESS: 01_France_entiere\B_Prives_OQN\2_Activites_soins\2022_activite_chirurgie.csv (686 lignes, 12 colonnes)
2025-09-19 16:06:38,435 - INFO - [60/250] 2022 fe:99 bpri rgpGHM (critical)
2025-09-19 16:06:43,074 - INFO - SUCCESS: 01_France_entiere\B_Prives_OQN\2_Activites_soins\2022_activite_obstetrique.csv (686 lignes, 12 colonnes)
2025-09-19 16:06:45,075 - INFO - [61/250] 2022 fe:99 bpri rgpGHM (high)
2025-09-19 16:06:50,193 - INFO - SUCCESS: 01_France_entiere\B_Prives_OQN\3_Categories_activites\2022_categorie_chirurgie.csv (686 lignes, 12 colonnes)
2025-09-19 16:06:52,195 - INFO - [62/250] 2022 fe:99 bpri rgpGHM (high)
2025-09-19 16:06:56,942 - INFO - SUCCESS: 01_France_entiere\B_Prives_OQN\3_Categories_activites\2022_categorie_obstetrique.csv (686 lignes, 12 colonnes)
2025-09-19 16:06:58,943 - INFO - [63/250] 2022 fe:99 bpri rgpGHM (high)
2025-09-19 16:07:04,124 - INFO - SUCCESS: 01_France_entiere\B_Prives_OQN\3_Categories_activites\2022_categorie_nouveau_nes.csv (686 lignes, 12 colonnes)
2025-09-19 16:07:06,126 - INFO - [64/250] 2022 fe:99 bpri rgpGHM (high)
2025-09-19 16:07:11,166 - INFO - SUCCESS: 01_France_entiere\B_Prives_OQN\3_Categories_activites\2022_categorie_peu_invasif.csv (686 lignes, 12 colonnes)
2025-09-19 16:07:13,168 - INFO - [65/250] 2022 fe:99 ball tous (critical)
2025-09-19 16:07:15,971 - ERROR - Aucun tableau trouvé
2025-09-19 16:07:17,972 - INFO - [66/250] 2022 fe:99 ball rgpGHM (critical)
2025-09-19 16:07:20,565 - ERROR - Aucun tableau trouvé
2025-09-19 16:07:22,566 - INFO - [67/250] 2022 fe:99 ball rgpGHM (critical)
2025-09-19 16:07:25,313 - ERROR - Aucun tableau trouvé
2025-09-19 16:07:27,314 - INFO - [68/250] 2022 fe:99 ball rgpGHM (critical)
2025-09-19 16:07:29,950 - ERROR - Aucun tableau trouvé
2025-09-19 16:07:31,951 - INFO - [69/250] 2022 fe:99 ball rgpGHM (high)
2025-09-19 16:07:34,684 - ERROR - Aucun tableau trouvé
2025-09-19 16:07:36,685 - INFO - [70/250] 2022 fe:99 ball rgpGHM (high)
2025-09-19 16:07:39,532 - ERROR - Aucun tableau trouvé
2025-09-19 16:07:41,533 - INFO - [71/250] 2022 fe:99 ball rgpGHM (high)
2025-09-19 16:07:44,241 - ERROR - Aucun tableau trouvé
2025-09-19 16:07:46,242 - INFO - [72/250] 2022 fe:99 ball rgpGHM (high)
2025-09-19 16:07:49,012 - ERROR - Aucun tableau trouvé
2025-09-19 16:07:51,013 - INFO - [73/250] 2021 fe:99 bpub tous (critical)
2025-09-19 16:07:57,132 - INFO - SUCCESS: 01_France_entiere\A_Publics_PSPH\1_Tous_sejours\2021_tous_sejours.csv (782 lignes, 12 colonnes)
2025-09-19 16:07:59,134 - INFO - [74/250] 2021 fe:99 bpub rgpGHM (critical)
2025-09-19 16:08:05,354 - INFO - SUCCESS: 01_France_entiere\A_Publics_PSPH\2_Activites_soins\2021_activite_medecine.csv (782 lignes, 12 colonnes)
2025-09-19 16:08:07,356 - INFO - [75/250] 2021 fe:99 bpub rgpGHM (critical)
2025-09-19 16:08:14,252 - INFO - SUCCESS: 01_France_entiere\A_Publics_PSPH\2_Activites_soins\2021_activite_chirurgie.csv (782 lignes, 12 colonnes)
2025-09-19 16:08:16,253 - INFO - [76/250] 2021 fe:99 bpub rgpGHM (critical)
2025-09-19 16:08:22,732 - INFO - SUCCESS: 01_France_entiere\A_Publics_PSPH\2_Activites_soins\2021_activite_obstetrique.csv (782 lignes, 12 colonnes)
2025-09-19 16:08:24,732 - INFO - [77/250] 2021 fe:99 bpub rgpGHM (high)
2025-09-19 16:08:29,908 - INFO - SUCCESS: 01_France_entiere\A_Publics_PSPH\3_Categories_activites\2021_categorie_chirurgie.csv (782 lignes, 12 colonnes)
2025-09-19 16:08:31,909 - INFO - [78/250] 2021 fe:99 bpub rgpGHM (high)
2025-09-19 16:08:37,277 - INFO - SUCCESS: 01_France_entiere\A_Publics_PSPH\3_Categories_activites\2021_categorie_obstetrique.csv (782 lignes, 12 colonnes)
2025-09-19 16:08:39,278 - INFO - [79/250] 2021 fe:99 bpub rgpGHM (high)
2025-09-19 16:08:44,625 - INFO - SUCCESS: 01_France_entiere\A_Publics_PSPH\3_Categories_activites\2021_categorie_nouveau_nes.csv (782 lignes, 12 colonnes)
2025-09-19 16:08:46,626 - INFO - [80/250] 2021 fe:99 bpub rgpGHM (high)
2025-09-19 16:08:52,936 - INFO - SUCCESS: 01_France_entiere\A_Publics_PSPH\3_Categories_activites\2021_categorie_peu_invasif.csv (782 lignes, 12 colonnes)
2025-09-19 16:08:54,937 - INFO - [81/250] 2021 fe:99 bpri tous (critical)
2025-09-19 16:09:00,480 - INFO - SUCCESS: 01_France_entiere\B_Prives_OQN\1_Tous_sejours\2021_tous_sejours.csv (678 lignes, 12 colonnes)
2025-09-19 16:09:02,481 - INFO - [82/250] 2021 fe:99 bpri rgpGHM (critical)
2025-09-19 16:09:08,286 - INFO - SUCCESS: 01_France_entiere\B_Prives_OQN\2_Activites_soins\2021_activite_medecine.csv (678 lignes, 12 colonnes)
2025-09-19 16:09:10,287 - INFO - [83/250] 2021 fe:99 bpri rgpGHM (critical)
2025-09-19 16:09:15,380 - INFO - SUCCESS: 01_France_entiere\B_Prives_OQN\2_Activites_soins\2021_activite_chirurgie.csv (678 lignes, 12 colonnes)
2025-09-19 16:09:17,381 - INFO - [84/250] 2021 fe:99 bpri rgpGHM (critical)
2025-09-19 16:09:22,768 - INFO - SUCCESS: 01_France_entiere\B_Prives_OQN\2_Activites_soins\2021_activite_obstetrique.csv (678 lignes, 12 colonnes)
2025-09-19 16:09:24,769 - INFO - [85/250] 2021 fe:99 bpri rgpGHM (high)
2025-09-19 16:09:30,151 - INFO - SUCCESS: 01_France_entiere\B_Prives_OQN\3_Categories_activites\2021_categorie_chirurgie.csv (678 lignes, 12 colonnes)
2025-09-19 16:09:32,152 - INFO - [86/250] 2021 fe:99 bpri rgpGHM (high)
2025-09-19 16:09:38,280 - INFO - SUCCESS: 01_France_entiere\B_Prives_OQN\3_Categories_activites\2021_categorie_obstetrique.csv (678 lignes, 12 colonnes)
2025-09-19 16:09:40,282 - INFO - [87/250] 2021 fe:99 bpri rgpGHM (high)
2025-09-19 16:09:47,204 - INFO - SUCCESS: 01_France_entiere\B_Prives_OQN\3_Categories_activites\2021_categorie_nouveau_nes.csv (678 lignes, 12 colonnes)
2025-09-19 16:09:49,205 - INFO - [88/250] 2021 fe:99 bpri rgpGHM (high)
2025-09-19 16:09:54,878 - INFO - SUCCESS: 01_France_entiere\B_Prives_OQN\3_Categories_activites\2021_categorie_peu_invasif.csv (678 lignes, 12 colonnes)
2025-09-19 16:09:56,879 - INFO - [89/250] 2021 fe:99 ball tous (critical)
2025-09-19 16:10:00,229 - ERROR - Aucun tableau trouvé
2025-09-19 16:10:02,229 - INFO - [90/250] 2021 fe:99 ball rgpGHM (critical)
2025-09-19 16:10:05,388 - ERROR - Aucun tableau trouvé
2025-09-19 16:10:07,389 - INFO - [91/250] 2021 fe:99 ball rgpGHM (critical)
2025-09-19 16:10:10,229 - ERROR - Aucun tableau trouvé
2025-09-19 16:10:12,230 - INFO - [92/250] 2021 fe:99 ball rgpGHM (critical)
2025-09-19 16:10:15,412 - ERROR - Aucun tableau trouvé
2025-09-19 16:10:17,413 - INFO - [93/250] 2021 fe:99 ball rgpGHM (high)
2025-09-19 16:10:20,170 - ERROR - Aucun tableau trouvé
2025-09-19 16:10:22,172 - INFO - [94/250] 2021 fe:99 ball rgpGHM (high)
2025-09-19 16:10:25,053 - ERROR - Aucun tableau trouvé
2025-09-19 16:10:27,054 - INFO - [95/250] 2021 fe:99 ball rgpGHM (high)
2025-09-19 16:10:30,096 - ERROR - Aucun tableau trouvé
2025-09-19 16:10:32,097 - INFO - [96/250] 2021 fe:99 ball rgpGHM (high)
2025-09-19 16:10:34,979 - ERROR - Aucun tableau trouvé
2025-09-19 16:10:36,979 - INFO - [97/250] 2020 fe:99 bpub tous (critical)
2025-09-19 16:10:42,157 - INFO - SUCCESS: 01_France_entiere\A_Publics_PSPH\1_Tous_sejours\2020_tous_sejours.csv (780 lignes, 12 colonnes)
2025-09-19 16:10:44,158 - INFO - [98/250] 2020 fe:99 bpub rgpGHM (critical)
2025-09-19 16:10:49,461 - INFO - SUCCESS: 01_France_entiere\A_Publics_PSPH\2_Activites_soins\2020_activite_medecine.csv (780 lignes, 12 colonnes)
2025-09-19 16:10:51,462 - INFO - [99/250] 2020 fe:99 bpub rgpGHM (critical)
2025-09-19 16:10:57,312 - INFO - SUCCESS: 01_France_entiere\A_Publics_PSPH\2_Activites_soins\2020_activite_chirurgie.csv (780 lignes, 12 colonnes)
2025-09-19 16:10:59,314 - INFO - [100/250] - Temps écoulé: 10.8min - ETA: 26.9min
2025-09-19 16:10:59,314 - INFO - [100/250] 2020 fe:99 bpub rgpGHM (critical)
2025-09-19 16:11:04,618 - INFO - SUCCESS: 01_France_entiere\A_Publics_PSPH\2_Activites_soins\2020_activite_obstetrique.csv (780 lignes, 12 colonnes)
2025-09-19 16:11:06,619 - INFO - [101/250] 2020 fe:99 bpub rgpGHM (high)
2025-09-19 16:11:12,319 - INFO - SUCCESS: 01_France_entiere\A_Publics_PSPH\3_Categories_activites\2020_categorie_chirurgie.csv (780 lignes, 12 colonnes)
2025-09-19 16:11:14,320 - INFO - [102/250] 2020 fe:99 bpub rgpGHM (high)
2025-09-19 16:11:19,617 - INFO - SUCCESS: 01_France_entiere\A_Publics_PSPH\3_Categories_activites\2020_categorie_obstetrique.csv (780 lignes, 12 colonnes)
2025-09-19 16:11:21,618 - INFO - [103/250] 2020 fe:99 bpub rgpGHM (high)
2025-09-19 16:11:27,057 - INFO - SUCCESS: 01_France_entiere\A_Publics_PSPH\3_Categories_activites\2020_categorie_nouveau_nes.csv (780 lignes, 12 colonnes)
2025-09-19 16:11:29,058 - INFO - [104/250] 2020 fe:99 bpub rgpGHM (high)
2025-09-19 16:11:34,459 - INFO - SUCCESS: 01_France_entiere\A_Publics_PSPH\3_Categories_activites\2020_categorie_peu_invasif.csv (780 lignes, 12 colonnes)
2025-09-19 16:11:36,460 - INFO - [105/250] 2020 fe:99 bpri tous (critical)
2025-09-19 16:11:41,400 - INFO - SUCCESS: 01_France_entiere\B_Prives_OQN\1_Tous_sejours\2020_tous_sejours.csv (689 lignes, 12 colonnes)
2025-09-19 16:11:43,401 - INFO - [106/250] 2020 fe:99 bpri rgpGHM (critical)
2025-09-19 16:11:48,184 - INFO - SUCCESS: 01_France_entiere\B_Prives_OQN\2_Activites_soins\2020_activite_medecine.csv (689 lignes, 12 colonnes)
2025-09-19 16:11:50,185 - INFO - [107/250] 2020 fe:99 bpri rgpGHM (critical)
2025-09-19 16:11:55,216 - INFO - SUCCESS: 01_France_entiere\B_Prives_OQN\2_Activites_soins\2020_activite_chirurgie.csv (689 lignes, 12 colonnes)
2025-09-19 16:11:57,217 - INFO - [108/250] 2020 fe:99 bpri rgpGHM (critical)
2025-09-19 16:12:01,887 - INFO - SUCCESS: 01_France_entiere\B_Prives_OQN\2_Activites_soins\2020_activite_obstetrique.csv (689 lignes, 12 colonnes)
2025-09-19 16:12:03,888 - INFO - [109/250] 2020 fe:99 bpri rgpGHM (high)
2025-09-19 16:12:08,742 - INFO - SUCCESS: 01_France_entiere\B_Prives_OQN\3_Categories_activites\2020_categorie_chirurgie.csv (689 lignes, 12 colonnes)
2025-09-19 16:12:10,744 - INFO - [110/250] 2020 fe:99 bpri rgpGHM (high)
2025-09-19 16:12:15,603 - INFO - SUCCESS: 01_France_entiere\B_Prives_OQN\3_Categories_activites\2020_categorie_obstetrique.csv (689 lignes, 12 colonnes)
2025-09-19 16:12:17,604 - INFO - [111/250] 2020 fe:99 bpri rgpGHM (high)
2025-09-19 16:12:22,477 - INFO - SUCCESS: 01_France_entiere\B_Prives_OQN\3_Categories_activites\2020_categorie_nouveau_nes.csv (689 lignes, 12 colonnes)
2025-09-19 16:12:24,478 - INFO - [112/250] 2020 fe:99 bpri rgpGHM (high)
2025-09-19 16:12:29,138 - INFO - SUCCESS: 01_France_entiere\B_Prives_OQN\3_Categories_activites\2020_categorie_peu_invasif.csv (689 lignes, 12 colonnes)
2025-09-19 16:12:31,139 - INFO - [113/250] 2020 fe:99 ball tous (critical)
2025-09-19 16:12:34,009 - ERROR - Aucun tableau trouvé
2025-09-19 16:12:36,010 - INFO - [114/250] 2020 fe:99 ball rgpGHM (critical)
2025-09-19 16:12:38,763 - ERROR - Aucun tableau trouvé
2025-09-19 16:12:40,764 - INFO - [115/250] 2020 fe:99 ball rgpGHM (critical)
2025-09-19 16:12:43,466 - ERROR - Aucun tableau trouvé
2025-09-19 16:12:45,467 - INFO - [116/250] 2020 fe:99 ball rgpGHM (critical)
2025-09-19 16:12:48,285 - ERROR - Aucun tableau trouvé
2025-09-19 16:12:50,286 - INFO - [117/250] 2020 fe:99 ball rgpGHM (high)
2025-09-19 16:12:53,035 - ERROR - Aucun tableau trouvé
2025-09-19 16:12:55,037 - INFO - [118/250] 2020 fe:99 ball rgpGHM (high)
2025-09-19 16:12:57,774 - ERROR - Aucun tableau trouvé
2025-09-19 16:12:59,774 - INFO - [119/250] 2020 fe:99 ball rgpGHM (high)
2025-09-19 16:13:02,467 - ERROR - Aucun tableau trouvé
2025-09-19 16:13:04,468 - INFO - [120/250] 2020 fe:99 ball rgpGHM (high)
2025-09-19 16:13:07,188 - ERROR - Aucun tableau trouvé
2025-09-19 16:13:09,189 - INFO - [121/250] 2019 fe:99 bpub tous (critical)
2025-09-19 16:13:14,527 - INFO - SUCCESS: 01_France_entiere\A_Publics_PSPH\1_Tous_sejours\2019_tous_sejours.csv (784 lignes, 12 colonnes)
2025-09-19 16:13:16,528 - INFO - [122/250] 2019 fe:99 bpub rgpGHM (critical)
2025-09-19 16:13:21,822 - INFO - SUCCESS: 01_France_entiere\A_Publics_PSPH\2_Activites_soins\2019_activite_medecine.csv (784 lignes, 12 colonnes)
2025-09-19 16:13:23,823 - INFO - [123/250] 2019 fe:99 bpub rgpGHM (critical)
2025-09-19 16:13:30,060 - INFO - SUCCESS: 01_France_entiere\A_Publics_PSPH\2_Activites_soins\2019_activite_chirurgie.csv (784 lignes, 12 colonnes)
2025-09-19 16:13:32,061 - INFO - [124/250] 2019 fe:99 bpub rgpGHM (critical)
2025-09-19 16:13:38,395 - INFO - SUCCESS: 01_France_entiere\A_Publics_PSPH\2_Activites_soins\2019_activite_obstetrique.csv (784 lignes, 12 colonnes)
2025-09-19 16:13:40,396 - INFO - [125/250] 2019 fe:99 bpub rgpGHM (high)
2025-09-19 16:13:46,641 - INFO - SUCCESS: 01_France_entiere\A_Publics_PSPH\3_Categories_activites\2019_categorie_chirurgie.csv (784 lignes, 12 colonnes)
2025-09-19 16:13:48,643 - INFO - [126/250] 2019 fe:99 bpub rgpGHM (high)
2025-09-19 16:13:54,587 - INFO - SUCCESS: 01_France_entiere\A_Publics_PSPH\3_Categories_activites\2019_categorie_obstetrique.csv (784 lignes, 12 colonnes)
2025-09-19 16:13:56,589 - INFO - [127/250] 2019 fe:99 bpub rgpGHM (high)
2025-09-19 16:14:02,445 - INFO - SUCCESS: 01_France_entiere\A_Publics_PSPH\3_Categories_activites\2019_categorie_nouveau_nes.csv (784 lignes, 12 colonnes)
2025-09-19 16:14:04,446 - INFO - [128/250] 2019 fe:99 bpub rgpGHM (high)
2025-09-19 16:14:10,493 - INFO - SUCCESS: 01_France_entiere\A_Publics_PSPH\3_Categories_activites\2019_categorie_peu_invasif.csv (784 lignes, 12 colonnes)
2025-09-19 16:14:12,495 - INFO - [129/250] 2019 fe:99 bpri tous (critical)
2025-09-19 16:14:17,732 - INFO - SUCCESS: 01_France_entiere\B_Prives_OQN\1_Tous_sejours\2019_tous_sejours.csv (694 lignes, 12 colonnes)
2025-09-19 16:14:19,734 - INFO - [130/250] 2019 fe:99 bpri rgpGHM (critical)
2025-09-19 16:14:24,786 - INFO - SUCCESS: 01_France_entiere\B_Prives_OQN\2_Activites_soins\2019_activite_medecine.csv (694 lignes, 12 colonnes)
2025-09-19 16:14:26,788 - INFO - [131/250] 2019 fe:99 bpri rgpGHM (critical)
2025-09-19 16:14:32,677 - INFO - SUCCESS: 01_France_entiere\B_Prives_OQN\2_Activites_soins\2019_activite_chirurgie.csv (694 lignes, 12 colonnes)
2025-09-19 16:14:34,678 - INFO - [132/250] 2019 fe:99 bpri rgpGHM (critical)
2025-09-19 16:14:40,641 - INFO - SUCCESS: 01_France_entiere\B_Prives_OQN\2_Activites_soins\2019_activite_obstetrique.csv (694 lignes, 12 colonnes)
2025-09-19 16:14:42,643 - INFO - [133/250] 2019 fe:99 bpri rgpGHM (high)
2025-09-19 16:14:47,676 - INFO - SUCCESS: 01_France_entiere\B_Prives_OQN\3_Categories_activites\2019_categorie_chirurgie.csv (694 lignes, 12 colonnes)
2025-09-19 16:14:49,677 - INFO - [134/250] 2019 fe:99 bpri rgpGHM (high)
2025-09-19 16:14:54,250 - INFO - SUCCESS: 01_France_entiere\B_Prives_OQN\3_Categories_activites\2019_categorie_obstetrique.csv (694 lignes, 12 colonnes)
2025-09-19 16:14:56,251 - INFO - [135/250] 2019 fe:99 bpri rgpGHM (high)
2025-09-19 16:15:00,890 - INFO - SUCCESS: 01_France_entiere\B_Prives_OQN\3_Categories_activites\2019_categorie_nouveau_nes.csv (694 lignes, 12 colonnes)
2025-09-19 16:15:02,892 - INFO - [136/250] 2019 fe:99 bpri rgpGHM (high)
2025-09-19 16:15:07,926 - INFO - SUCCESS: 01_France_entiere\B_Prives_OQN\3_Categories_activites\2019_categorie_peu_invasif.csv (694 lignes, 12 colonnes)
2025-09-19 16:15:09,928 - INFO - [137/250] 2019 fe:99 ball tous (critical)
2025-09-19 16:15:12,712 - ERROR - Aucun tableau trouvé
2025-09-19 16:15:14,713 - INFO - [138/250] 2019 fe:99 ball rgpGHM (critical)
2025-09-19 16:15:17,545 - ERROR - Aucun tableau trouvé
2025-09-19 16:15:19,546 - INFO - [139/250] 2019 fe:99 ball rgpGHM (critical)
2025-09-19 16:15:22,524 - ERROR - Aucun tableau trouvé
2025-09-19 16:15:24,526 - INFO - [140/250] 2019 fe:99 ball rgpGHM (critical)
2025-09-19 16:15:27,191 - ERROR - Aucun tableau trouvé
2025-09-19 16:15:29,192 - INFO - [141/250] 2019 fe:99 ball rgpGHM (high)
2025-09-19 16:15:31,748 - ERROR - Aucun tableau trouvé
2025-09-19 16:15:33,750 - INFO - [142/250] 2019 fe:99 ball rgpGHM (high)
2025-09-19 16:15:36,538 - ERROR - Aucun tableau trouvé
2025-09-19 16:15:38,540 - INFO - [143/250] 2019 fe:99 ball rgpGHM (high)
2025-09-19 16:15:41,563 - ERROR - Aucun tableau trouvé
2025-09-19 16:15:43,564 - INFO - [144/250] 2019 fe:99 ball rgpGHM (high)
2025-09-19 16:15:48,137 - ERROR - Aucun tableau trouvé
2025-09-19 16:15:50,138 - INFO - [145/250] 2018 fe:99 bpub tous (critical)
2025-09-19 16:15:55,968 - INFO - SUCCESS: 01_France_entiere\A_Publics_PSPH\1_Tous_sejours\2018_tous_sejours.csv (783 lignes, 12 colonnes)
2025-09-19 16:15:57,969 - INFO - [146/250] 2018 fe:99 bpub rgpGHM (critical)
2025-09-19 16:16:03,795 - INFO - SUCCESS: 01_France_entiere\A_Publics_PSPH\2_Activites_soins\2018_activite_medecine.csv (783 lignes, 12 colonnes)
2025-09-19 16:16:05,797 - INFO - [147/250] 2018 fe:99 bpub rgpGHM (critical)
2025-09-19 16:16:27,805 - INFO - SUCCESS: 01_France_entiere\A_Publics_PSPH\2_Activites_soins\2018_activite_chirurgie.csv (783 lignes, 12 colonnes)
2025-09-19 16:16:29,806 - INFO - [148/250] 2018 fe:99 bpub rgpGHM (critical)
2025-09-19 16:16:35,832 - INFO - SUCCESS: 01_France_entiere\A_Publics_PSPH\2_Activites_soins\2018_activite_obstetrique.csv (783 lignes, 12 colonnes)
2025-09-19 16:16:37,834 - INFO - [149/250] 2018 fe:99 bpub rgpGHM (high)
2025-09-19 16:16:43,950 - INFO - SUCCESS: 01_France_entiere\A_Publics_PSPH\3_Categories_activites\2018_categorie_chirurgie.csv (783 lignes, 12 colonnes)
2025-09-19 16:16:45,952 - INFO - [150/250] - Temps écoulé: 16.5min - ETA: 27.6min
2025-09-19 16:16:45,952 - INFO - [150/250] 2018 fe:99 bpub rgpGHM (high)
2025-09-19 16:16:51,667 - INFO - SUCCESS: 01_France_entiere\A_Publics_PSPH\3_Categories_activites\2018_categorie_obstetrique.csv (783 lignes, 12 colonnes)
2025-09-19 16:16:53,667 - INFO - [151/250] 2018 fe:99 bpub rgpGHM (high)
2025-09-19 16:16:58,922 - INFO - SUCCESS: 01_France_entiere\A_Publics_PSPH\3_Categories_activites\2018_categorie_nouveau_nes.csv (783 lignes, 12 colonnes)
2025-09-19 16:17:00,924 - INFO - [152/250] 2018 fe:99 bpub rgpGHM (high)
2025-09-19 16:17:06,334 - INFO - SUCCESS: 01_France_entiere\A_Publics_PSPH\3_Categories_activites\2018_categorie_peu_invasif.csv (783 lignes, 12 colonnes)
2025-09-19 16:17:08,336 - INFO - [153/250] 2018 fe:99 bpri tous (critical)
2025-09-19 16:17:13,236 - INFO - SUCCESS: 01_France_entiere\B_Prives_OQN\1_Tous_sejours\2018_tous_sejours.csv (704 lignes, 12 colonnes)
2025-09-19 16:17:15,237 - INFO - [154/250] 2018 fe:99 bpri rgpGHM (critical)
2025-09-19 16:17:20,333 - INFO - SUCCESS: 01_France_entiere\B_Prives_OQN\2_Activites_soins\2018_activite_medecine.csv (704 lignes, 12 colonnes)
2025-09-19 16:17:22,334 - INFO - [155/250] 2018 fe:99 bpri rgpGHM (critical)
2025-09-19 16:17:27,122 - INFO - SUCCESS: 01_France_entiere\B_Prives_OQN\2_Activites_soins\2018_activite_chirurgie.csv (704 lignes, 12 colonnes)
2025-09-19 16:17:29,123 - INFO - [156/250] 2018 fe:99 bpri rgpGHM (critical)
2025-09-19 16:17:34,407 - INFO - SUCCESS: 01_France_entiere\B_Prives_OQN\2_Activites_soins\2018_activite_obstetrique.csv (704 lignes, 12 colonnes)
2025-09-19 16:17:36,408 - INFO - [157/250] 2018 fe:99 bpri rgpGHM (high)
2025-09-19 16:17:41,794 - INFO - SUCCESS: 01_France_entiere\B_Prives_OQN\3_Categories_activites\2018_categorie_chirurgie.csv (704 lignes, 12 colonnes)
2025-09-19 16:17:43,795 - INFO - [158/250] 2018 fe:99 bpri rgpGHM (high)
2025-09-19 16:17:48,994 - INFO - SUCCESS: 01_France_entiere\B_Prives_OQN\3_Categories_activites\2018_categorie_obstetrique.csv (704 lignes, 12 colonnes)
2025-09-19 16:17:50,995 - INFO - [159/250] 2018 fe:99 bpri rgpGHM (high)
2025-09-19 16:17:56,298 - INFO - SUCCESS: 01_France_entiere\B_Prives_OQN\3_Categories_activites\2018_categorie_nouveau_nes.csv (704 lignes, 12 colonnes)
2025-09-19 16:17:58,299 - INFO - [160/250] 2018 fe:99 bpri rgpGHM (high)
2025-09-19 16:18:04,642 - INFO - SUCCESS: 01_France_entiere\B_Prives_OQN\3_Categories_activites\2018_categorie_peu_invasif.csv (704 lignes, 12 colonnes)
2025-09-19 16:18:06,643 - INFO - [161/250] 2018 fe:99 ball tous (critical)
2025-09-19 16:18:09,333 - ERROR - Aucun tableau trouvé
2025-09-19 16:18:11,333 - INFO - [162/250] 2018 fe:99 ball rgpGHM (critical)
2025-09-19 16:18:13,953 - ERROR - Aucun tableau trouvé
2025-09-19 16:18:15,954 - INFO - [163/250] 2018 fe:99 ball rgpGHM (critical)
2025-09-19 16:18:18,655 - ERROR - Aucun tableau trouvé
2025-09-19 16:18:20,656 - INFO - [164/250] 2018 fe:99 ball rgpGHM (critical)
2025-09-19 16:18:23,407 - ERROR - Aucun tableau trouvé
2025-09-19 16:18:25,408 - INFO - [165/250] 2018 fe:99 ball rgpGHM (high)
2025-09-19 16:18:28,110 - ERROR - Aucun tableau trouvé
2025-09-19 16:18:30,111 - INFO - [166/250] 2018 fe:99 ball rgpGHM (high)
2025-09-19 16:18:32,685 - ERROR - Aucun tableau trouvé
2025-09-19 16:18:34,686 - INFO - [167/250] 2018 fe:99 ball rgpGHM (high)
2025-09-19 16:18:37,497 - ERROR - Aucun tableau trouvé
2025-09-19 16:18:39,498 - INFO - [168/250] 2018 fe:99 ball rgpGHM (high)
2025-09-19 16:18:42,304 - ERROR - Aucun tableau trouvé
2025-09-19 16:18:44,305 - INFO - [169/250] 2017 fe:99 bpub tous (critical)
2025-09-19 16:18:49,996 - INFO - SUCCESS: 01_France_entiere\A_Publics_PSPH\1_Tous_sejours\2017_tous_sejours.csv (789 lignes, 12 colonnes)
2025-09-19 16:18:51,997 - INFO - [170/250] 2017 fe:99 bpub rgpGHM (critical)
2025-09-19 16:18:57,633 - INFO - SUCCESS: 01_France_entiere\A_Publics_PSPH\2_Activites_soins\2017_activite_medecine.csv (789 lignes, 12 colonnes)
2025-09-19 16:18:59,634 - INFO - [171/250] 2017 fe:99 bpub rgpGHM (critical)
2025-09-19 16:19:05,955 - INFO - SUCCESS: 01_France_entiere\A_Publics_PSPH\2_Activites_soins\2017_activite_chirurgie.csv (789 lignes, 12 colonnes)
2025-09-19 16:19:07,956 - INFO - [172/250] 2017 fe:99 bpub rgpGHM (critical)
2025-09-19 16:19:13,847 - INFO - SUCCESS: 01_France_entiere\A_Publics_PSPH\2_Activites_soins\2017_activite_obstetrique.csv (789 lignes, 12 colonnes)
2025-09-19 16:19:15,848 - INFO - [173/250] 2017 fe:99 bpub rgpGHM (high)
2025-09-19 16:19:21,951 - INFO - SUCCESS: 01_France_entiere\A_Publics_PSPH\3_Categories_activites\2017_categorie_chirurgie.csv (789 lignes, 12 colonnes)
2025-09-19 16:19:23,952 - INFO - [174/250] 2017 fe:99 bpub rgpGHM (high)
2025-09-19 16:19:29,316 - INFO - SUCCESS: 01_France_entiere\A_Publics_PSPH\3_Categories_activites\2017_categorie_obstetrique.csv (789 lignes, 12 colonnes)
2025-09-19 16:19:31,317 - INFO - [175/250] 2017 fe:99 bpub rgpGHM (high)
2025-09-19 16:19:37,005 - INFO - SUCCESS: 01_France_entiere\A_Publics_PSPH\3_Categories_activites\2017_categorie_nouveau_nes.csv (789 lignes, 12 colonnes)
2025-09-19 16:19:39,006 - INFO - [176/250] 2017 fe:99 bpub rgpGHM (high)
2025-09-19 16:19:45,921 - INFO - SUCCESS: 01_France_entiere\A_Publics_PSPH\3_Categories_activites\2017_categorie_peu_invasif.csv (789 lignes, 12 colonnes)
2025-09-19 16:19:47,923 - INFO - [177/250] 2017 fe:99 bpri tous (critical)
2025-09-19 16:19:53,899 - INFO - SUCCESS: 01_France_entiere\B_Prives_OQN\1_Tous_sejours\2017_tous_sejours.csv (686 lignes, 12 colonnes)
2025-09-19 16:19:55,901 - INFO - [178/250] 2017 fe:99 bpri rgpGHM (critical)
2025-09-19 16:20:48,537 - ERROR - Erreur lors du scraping: HTTPSConnectionPool(host='www.scansante.fr', port=443): Read timed out. (read timeout=30)
2025-09-19 16:20:50,538 - INFO - [179/250] 2017 fe:99 bpri rgpGHM (critical)
2025-09-19 16:21:09,358 - INFO - SUCCESS: 01_France_entiere\B_Prives_OQN\2_Activites_soins\2017_activite_chirurgie.csv (686 lignes, 12 colonnes)
2025-09-19 16:21:11,360 - INFO - [180/250] 2017 fe:99 bpri rgpGHM (critical)
2025-09-19 16:21:16,214 - INFO - SUCCESS: 01_France_entiere\B_Prives_OQN\2_Activites_soins\2017_activite_obstetrique.csv (686 lignes, 12 colonnes)
2025-09-19 16:21:18,216 - INFO - [181/250] 2017 fe:99 bpri rgpGHM (high)
2025-09-19 16:21:23,097 - INFO - SUCCESS: 01_France_entiere\B_Prives_OQN\3_Categories_activites\2017_categorie_chirurgie.csv (686 lignes, 12 colonnes)
2025-09-19 16:21:25,098 - INFO - [182/250] 2017 fe:99 bpri rgpGHM (high)
2025-09-19 16:21:30,313 - INFO - SUCCESS: 01_France_entiere\B_Prives_OQN\3_Categories_activites\2017_categorie_obstetrique.csv (686 lignes, 12 colonnes)
2025-09-19 16:21:32,313 - INFO - [183/250] 2017 fe:99 bpri rgpGHM (high)
2025-09-19 16:21:37,762 - INFO - SUCCESS: 01_France_entiere\B_Prives_OQN\3_Categories_activites\2017_categorie_nouveau_nes.csv (686 lignes, 12 colonnes)
2025-09-19 16:21:39,765 - INFO - [184/250] 2017 fe:99 bpri rgpGHM (high)
2025-09-19 16:21:44,989 - INFO - SUCCESS: 01_France_entiere\B_Prives_OQN\3_Categories_activites\2017_categorie_peu_invasif.csv (686 lignes, 12 colonnes)
2025-09-19 16:21:46,991 - INFO - [185/250] 2017 fe:99 ball tous (critical)
2025-09-19 16:21:49,949 - ERROR - Aucun tableau trouvé
2025-09-19 16:21:51,949 - INFO - [186/250] 2017 fe:99 ball rgpGHM (critical)
2025-09-19 16:21:54,754 - ERROR - Aucun tableau trouvé
2025-09-19 16:21:56,755 - INFO - [187/250] 2017 fe:99 ball rgpGHM (critical)
2025-09-19 16:21:59,796 - ERROR - Aucun tableau trouvé
2025-09-19 16:22:01,797 - INFO - [188/250] 2017 fe:99 ball rgpGHM (critical)
2025-09-19 16:22:04,968 - ERROR - Aucun tableau trouvé
2025-09-19 16:22:06,969 - INFO - [189/250] 2017 fe:99 ball rgpGHM (high)
2025-09-19 16:22:09,650 - ERROR - Aucun tableau trouvé
2025-09-19 16:22:11,650 - INFO - [190/250] 2017 fe:99 ball rgpGHM (high)
2025-09-19 16:22:14,393 - ERROR - Aucun tableau trouvé
2025-09-19 16:22:16,394 - INFO - [191/250] 2017 fe:99 ball rgpGHM (high)
2025-09-19 16:22:19,146 - ERROR - Aucun tableau trouvé
2025-09-19 16:22:21,147 - INFO - [192/250] 2017 fe:99 ball rgpGHM (high)
2025-09-19 16:22:21,422 - ERROR - Erreur lors du scraping: HTTPSConnectionPool(host='www.scansante.fr', port=443): Max retries exceeded with url: /applications/cartographie-activite-MCO (Caused by NameResolutionError("<urllib3.connection.HTTPSConnection object at 0x000002034B7125D0>: Failed to resolve 'www.scansante.fr' ([Errno 11001] getaddrinfo failed)"))
2025-09-19 16:22:23,429 - INFO - [193/250] 2016 fe:99 bpub tous (critical)
2025-09-19 16:22:23,462 - ERROR - Erreur lors du scraping: HTTPSConnectionPool(host='www.scansante.fr', port=443): Max retries exceeded with url: /applications/cartographie-activite-MCO (Caused by NameResolutionError("<urllib3.connection.HTTPSConnection object at 0x000002034B7139D0>: Failed to resolve 'www.scansante.fr' ([Errno 11001] getaddrinfo failed)"))
2025-09-19 16:22:25,469 - INFO - [194/250] 2016 fe:99 bpub rgpGHM (critical)
2025-09-19 16:22:25,484 - ERROR - Erreur lors du scraping: HTTPSConnectionPool(host='www.scansante.fr', port=443): Max retries exceeded with url: /applications/cartographie-activite-MCO (Caused by NameResolutionError("<urllib3.connection.HTTPSConnection object at 0x000002034B712E90>: Failed to resolve 'www.scansante.fr' ([Errno 11001] getaddrinfo failed)"))
2025-09-19 16:22:27,488 - INFO - [195/250] 2016 fe:99 bpub rgpGHM (critical)
2025-09-19 16:23:27,709 - ERROR - Erreur lors du scraping: ('Connection aborted.', ConnectionResetError(10054, 'Une connexion existante a dû être fermée par l’hôte distant', None, 10054, None))
2025-09-19 16:23:29,714 - INFO - [196/250] 2016 fe:99 bpub rgpGHM (critical)
2025-09-19 16:23:39,454 - INFO - SUCCESS: 01_France_entiere\A_Publics_PSPH\2_Activites_soins\2016_activite_obstetrique.csv (799 lignes, 12 colonnes)
2025-09-19 16:23:41,457 - INFO - [197/250] 2016 fe:99 bpub rgpGHM (high)
2025-09-19 16:23:49,483 - INFO - SUCCESS: 01_France_entiere\A_Publics_PSPH\3_Categories_activites\2016_categorie_chirurgie.csv (799 lignes, 12 colonnes)
2025-09-19 16:23:51,486 - INFO - [198/250] 2016 fe:99 bpub rgpGHM (high)
2025-09-19 16:24:01,873 - INFO - SUCCESS: 01_France_entiere\A_Publics_PSPH\3_Categories_activites\2016_categorie_obstetrique.csv (799 lignes, 12 colonnes)
2025-09-19 16:24:03,879 - INFO - [199/250] 2016 fe:99 bpub rgpGHM (high)
2025-09-19 16:24:12,713 - INFO - SUCCESS: 01_France_entiere\A_Publics_PSPH\3_Categories_activites\2016_categorie_nouveau_nes.csv (799 lignes, 12 colonnes)
2025-09-19 16:24:14,722 - INFO - [200/250] - Temps écoulé: 24.0min - ETA: 30.0min
2025-09-19 16:24:14,724 - INFO - [200/250] 2016 fe:99 bpub rgpGHM (high)
2025-09-19 16:24:22,842 - INFO - SUCCESS: 01_France_entiere\A_Publics_PSPH\3_Categories_activites\2016_categorie_peu_invasif.csv (799 lignes, 12 colonnes)
2025-09-19 16:24:24,846 - INFO - [201/250] 2016 fe:99 bpri tous (critical)
2025-09-19 16:24:32,524 - INFO - SUCCESS: 01_France_entiere\B_Prives_OQN\1_Tous_sejours\2016_tous_sejours.csv (693 lignes, 12 colonnes)
2025-09-19 16:24:34,527 - INFO - [202/250] 2016 fe:99 bpri rgpGHM (critical)
2025-09-19 16:24:42,436 - INFO - SUCCESS: 01_France_entiere\B_Prives_OQN\2_Activites_soins\2016_activite_medecine.csv (693 lignes, 12 colonnes)
2025-09-19 16:24:44,439 - INFO - [203/250] 2016 fe:99 bpri rgpGHM (critical)
2025-09-19 16:24:51,751 - INFO - SUCCESS: 01_France_entiere\B_Prives_OQN\2_Activites_soins\2016_activite_chirurgie.csv (693 lignes, 12 colonnes)
2025-09-19 16:24:53,755 - INFO - [204/250] 2016 fe:99 bpri rgpGHM (critical)
2025-09-19 16:25:00,756 - INFO - SUCCESS: 01_France_entiere\B_Prives_OQN\2_Activites_soins\2016_activite_obstetrique.csv (693 lignes, 12 colonnes)
2025-09-19 16:25:02,758 - INFO - [205/250] 2016 fe:99 bpri rgpGHM (high)
2025-09-19 16:25:09,512 - INFO - SUCCESS: 01_France_entiere\B_Prives_OQN\3_Categories_activites\2016_categorie_chirurgie.csv (693 lignes, 12 colonnes)
2025-09-19 16:25:11,515 - INFO - [206/250] 2016 fe:99 bpri rgpGHM (high)
2025-09-19 16:25:17,998 - INFO - SUCCESS: 01_France_entiere\B_Prives_OQN\3_Categories_activites\2016_categorie_obstetrique.csv (693 lignes, 12 colonnes)
2025-09-19 16:25:20,001 - INFO - [207/250] 2016 fe:99 bpri rgpGHM (high)
2025-09-19 16:25:26,174 - INFO - SUCCESS: 01_France_entiere\B_Prives_OQN\3_Categories_activites\2016_categorie_nouveau_nes.csv (693 lignes, 12 colonnes)
2025-09-19 16:25:28,178 - INFO - [208/250] 2016 fe:99 bpri rgpGHM (high)
2025-09-19 16:25:34,467 - INFO - SUCCESS: 01_France_entiere\B_Prives_OQN\3_Categories_activites\2016_categorie_peu_invasif.csv (693 lignes, 12 colonnes)
2025-09-19 16:25:36,470 - INFO - [209/250] 2016 fe:99 ball tous (critical)
2025-09-19 16:25:40,243 - ERROR - Aucun tableau trouvé
2025-09-19 16:25:42,245 - INFO - [210/250] 2016 fe:99 ball rgpGHM (critical)
2025-09-19 16:25:45,670 - ERROR - Aucun tableau trouvé
2025-09-19 16:25:47,670 - INFO - [211/250] 2016 fe:99 ball rgpGHM (critical)
2025-09-19 16:25:51,270 - ERROR - Aucun tableau trouvé
2025-09-19 16:25:53,271 - INFO - [212/250] 2016 fe:99 ball rgpGHM (critical)
2025-09-19 16:25:56,390 - ERROR - Aucun tableau trouvé
2025-09-19 16:25:58,391 - INFO - [213/250] 2016 fe:99 ball rgpGHM (high)
2025-09-19 16:26:02,060 - ERROR - Aucun tableau trouvé
2025-09-19 16:26:04,061 - INFO - [214/250] 2016 fe:99 ball rgpGHM (high)
2025-09-19 16:26:07,311 - ERROR - Aucun tableau trouvé
2025-09-19 16:26:09,312 - INFO - [215/250] 2016 fe:99 ball rgpGHM (high)
2025-09-19 16:26:13,626 - ERROR - Aucun tableau trouvé
2025-09-19 16:26:15,627 - INFO - [216/250] 2016 fe:99 ball rgpGHM (high)
2025-09-19 16:26:18,993 - ERROR - Aucun tableau trouvé
2025-09-19 16:26:20,994 - INFO - [217/250] 2015 fe:99 bpub tous (critical)
2025-09-19 16:26:27,021 - INFO - SUCCESS: 01_France_entiere\A_Publics_PSPH\1_Tous_sejours\2015_tous_sejours.csv (805 lignes, 12 colonnes)
2025-09-19 16:26:29,023 - INFO - [218/250] 2015 fe:99 bpub rgpGHM (critical)
2025-09-19 16:26:35,583 - INFO - SUCCESS: 01_France_entiere\A_Publics_PSPH\2_Activites_soins\2015_activite_medecine.csv (805 lignes, 12 colonnes)
2025-09-19 16:26:37,586 - INFO - [219/250] 2015 fe:99 bpub rgpGHM (critical)
2025-09-19 16:26:43,756 - INFO - SUCCESS: 01_France_entiere\A_Publics_PSPH\2_Activites_soins\2015_activite_chirurgie.csv (805 lignes, 12 colonnes)
2025-09-19 16:26:45,758 - INFO - [220/250] 2015 fe:99 bpub rgpGHM (critical)
2025-09-19 16:26:56,785 - INFO - SUCCESS: 01_France_entiere\A_Publics_PSPH\2_Activites_soins\2015_activite_obstetrique.csv (805 lignes, 12 colonnes)
2025-09-19 16:26:58,786 - INFO - [221/250] 2015 fe:99 bpub rgpGHM (high)
2025-09-19 16:27:04,628 - INFO - SUCCESS: 01_France_entiere\A_Publics_PSPH\3_Categories_activites\2015_categorie_chirurgie.csv (805 lignes, 12 colonnes)
2025-09-19 16:27:06,629 - INFO - [222/250] 2015 fe:99 bpub rgpGHM (high)
2025-09-19 16:27:12,409 - INFO - SUCCESS: 01_France_entiere\A_Publics_PSPH\3_Categories_activites\2015_categorie_obstetrique.csv (805 lignes, 12 colonnes)
2025-09-19 16:27:14,410 - INFO - [223/250] 2015 fe:99 bpub rgpGHM (high)
2025-09-19 16:27:21,420 - INFO - SUCCESS: 01_France_entiere\A_Publics_PSPH\3_Categories_activites\2015_categorie_nouveau_nes.csv (805 lignes, 12 colonnes)
2025-09-19 16:27:23,422 - INFO - [224/250] 2015 fe:99 bpub rgpGHM (high)
2025-09-19 16:27:30,332 - INFO - SUCCESS: 01_France_entiere\A_Publics_PSPH\3_Categories_activites\2015_categorie_peu_invasif.csv (805 lignes, 12 colonnes)
2025-09-19 16:27:32,334 - INFO - [225/250] 2015 fe:99 bpri tous (critical)
2025-09-19 16:27:39,511 - INFO - SUCCESS: 01_France_entiere\B_Prives_OQN\1_Tous_sejours\2015_tous_sejours.csv (681 lignes, 12 colonnes)
2025-09-19 16:27:41,513 - INFO - [226/250] 2015 fe:99 bpri rgpGHM (critical)
2025-09-19 16:27:48,174 - INFO - SUCCESS: 01_France_entiere\B_Prives_OQN\2_Activites_soins\2015_activite_medecine.csv (681 lignes, 12 colonnes)
2025-09-19 16:27:50,182 - INFO - [227/250] 2015 fe:99 bpri rgpGHM (critical)
2025-09-19 16:27:56,568 - INFO - SUCCESS: 01_France_entiere\B_Prives_OQN\2_Activites_soins\2015_activite_chirurgie.csv (681 lignes, 12 colonnes)
2025-09-19 16:27:58,571 - INFO - [228/250] 2015 fe:99 bpri rgpGHM (critical)
2025-09-19 16:28:04,562 - INFO - SUCCESS: 01_France_entiere\B_Prives_OQN\2_Activites_soins\2015_activite_obstetrique.csv (681 lignes, 12 colonnes)
2025-09-19 16:28:06,563 - INFO - [229/250] 2015 fe:99 bpri rgpGHM (high)
2025-09-19 16:28:13,046 - INFO - SUCCESS: 01_France_entiere\B_Prives_OQN\3_Categories_activites\2015_categorie_chirurgie.csv (681 lignes, 12 colonnes)
2025-09-19 16:28:15,056 - INFO - [230/250] 2015 fe:99 bpri rgpGHM (high)
2025-09-19 16:28:23,919 - INFO - SUCCESS: 01_France_entiere\B_Prives_OQN\3_Categories_activites\2015_categorie_obstetrique.csv (681 lignes, 12 colonnes)
2025-09-19 16:28:25,942 - INFO - [231/250] 2015 fe:99 bpri rgpGHM (high)
2025-09-19 16:28:34,594 - INFO - SUCCESS: 01_France_entiere\B_Prives_OQN\3_Categories_activites\2015_categorie_nouveau_nes.csv (681 lignes, 12 colonnes)
2025-09-19 16:28:36,597 - INFO - [232/250] 2015 fe:99 bpri rgpGHM (high)
2025-09-19 16:28:44,872 - INFO - SUCCESS: 01_France_entiere\B_Prives_OQN\3_Categories_activites\2015_categorie_peu_invasif.csv (681 lignes, 12 colonnes)
2025-09-19 16:28:46,874 - INFO - [233/250] 2015 fe:99 ball tous (critical)
2025-09-19 16:28:49,682 - ERROR - Aucun tableau trouvé
2025-09-19 16:28:51,684 - INFO - [234/250] 2015 fe:99 ball rgpGHM (critical)
2025-09-19 16:28:54,488 - ERROR - Aucun tableau trouvé
2025-09-19 16:28:56,490 - INFO - [235/250] 2015 fe:99 ball rgpGHM (critical)
2025-09-19 16:28:59,532 - ERROR - Aucun tableau trouvé
2025-09-19 16:29:01,608 - INFO - [236/250] 2015 fe:99 ball rgpGHM (critical)
2025-09-19 16:29:04,519 - ERROR - Aucun tableau trouvé
2025-09-19 16:29:06,521 - INFO - [237/250] 2015 fe:99 ball rgpGHM (high)
2025-09-19 16:29:09,222 - ERROR - Aucun tableau trouvé
2025-09-19 16:29:11,224 - INFO - [238/250] 2015 fe:99 ball rgpGHM (high)
2025-09-19 16:29:14,027 - ERROR - Aucun tableau trouvé
2025-09-19 16:29:16,039 - INFO - [239/250] 2015 fe:99 ball rgpGHM (high)
2025-09-19 16:29:19,357 - ERROR - Aucun tableau trouvé
2025-09-19 16:29:21,449 - INFO - [240/250] 2015 fe:99 ball rgpGHM (high)
2025-09-19 16:29:24,691 - ERROR - Aucun tableau trouvé
2025-09-19 16:29:26,693 - INFO - [241/250] 2024 de:75 bpub tous (medium)
2025-09-19 16:29:29,619 - ERROR - Aucun tableau trouvé
2025-09-19 16:29:31,626 - INFO - [242/250] 2024 de:13 bpub tous (medium)
2025-09-19 16:29:34,498 - ERROR - Aucun tableau trouvé
2025-09-19 16:29:36,500 - INFO - [243/250] 2024 de:69 bpub tous (medium)
2025-09-19 16:29:39,384 - ERROR - Aucun tableau trouvé
2025-09-19 16:29:41,387 - INFO - [244/250] 2024 de:59 bpub tous (medium)
2025-09-19 16:29:44,520 - ERROR - Aucun tableau trouvé
2025-09-19 16:29:46,523 - INFO - [245/250] 2024 de:33 bpub tous (medium)
2025-09-19 16:29:49,328 - ERROR - Aucun tableau trouvé
2025-09-19 16:29:51,329 - INFO - [246/250] 2023 de:75 bpub tous (medium)
2025-09-19 16:29:54,051 - ERROR - Aucun tableau trouvé
2025-09-19 16:29:56,056 - INFO - [247/250] 2023 de:13 bpub tous (medium)
2025-09-19 16:29:58,849 - ERROR - Aucun tableau trouvé
2025-09-19 16:30:00,851 - INFO - [248/250] 2023 de:69 bpub tous (medium)
2025-09-19 16:30:03,645 - ERROR - Aucun tableau trouvé
2025-09-19 16:30:05,647 - INFO - [249/250] 2023 de:59 bpub tous (medium)
2025-09-19 16:30:08,514 - ERROR - Aucun tableau trouvé
2025-09-19 16:30:10,516 - INFO - [250/250] - Temps écoulé: 30.0min - ETA: 30.0min
2025-09-19 16:30:10,519 - INFO - [250/250] 2023 de:33 bpub tous (medium)
2025-09-19 16:30:13,860 - ERROR - Aucun tableau trouvé
2025-09-19 16:30:15,862 - INFO - Automatisation terminee en 30.0 minutes!
2025-09-19 16:30:15,862 - INFO - Succes avec donnees: 156
2025-09-19 16:30:15,863 - INFO - Zones vides detestees: 0
2025-09-19 16:30:15,864 - INFO - Donnees minimales: 0
2025-09-19 16:30:15,865 - INFO - Echecs techniques: 94
2025-09-19 16:30:15,865 - INFO - Dossier: donnees_scansante
